<?xml version="1.0" encoding="UTF-8"?>
<coverage generated="1774260156531" clover="3.2.0">
  <project timestamp="1774260156532" name="All files">
    <metrics statements="351" coveredstatements="332" conditionals="205" coveredconditionals="177" methods="57" coveredmethods="53" elements="613" coveredelements="562" complexity="0" loc="351" ncloc="351" packages="2" files="10" classes="10"/>
    <package name="core">
      <metrics statements="214" coveredstatements="210" conditionals="147" coveredconditionals="132" methods="25" coveredmethods="25"/>
      <file name="current.ts" path="/home/lud/src/pm/src/core/current.ts">
        <metrics statements="17" coveredstatements="17" conditionals="6" coveredconditionals="6" methods="4" coveredmethods="4"/>
        <line num="4" count="1" type="stmt"/>
        <line num="11" count="7" type="stmt"/>
        <line num="12" count="7" type="stmt"/>
        <line num="13" count="7" type="stmt"/>
        <line num="14" count="7" type="cond" truecount="2" falsecount="0"/>
        <line num="15" count="4" type="stmt"/>
        <line num="16" count="4" type="cond" truecount="4" falsecount="0"/>
        <line num="18" count="2" type="stmt"/>
        <line num="26" count="6" type="stmt"/>
        <line num="27" count="6" type="stmt"/>
        <line num="34" count="2" type="stmt"/>
        <line num="35" count="2" type="stmt"/>
        <line num="36" count="2" type="stmt"/>
        <line num="46" count="2" type="stmt"/>
        <line num="47" count="2" type="stmt"/>
        <line num="48" count="2" type="stmt"/>
        <line num="49" count="2" type="stmt"/>
      </file>
      <file name="documents.ts" path="/home/lud/src/pm/src/core/documents.ts">
        <metrics statements="96" coveredstatements="92" conditionals="61" coveredconditionals="55" methods="9" coveredmethods="9"/>
        <line num="48" count="36" type="stmt"/>
        <line num="49" count="36" type="cond" truecount="2" falsecount="0"/>
        <line num="50" count="31" type="stmt"/>
        <line num="54" count="34" type="stmt"/>
        <line num="55" count="34" type="stmt"/>
        <line num="56" count="34" type="stmt"/>
        <line num="75" count="4" type="stmt"/>
        <line num="76" count="4" type="cond" truecount="2" falsecount="0"/>
        <line num="79" count="3" type="stmt"/>
        <line num="80" count="3" type="stmt"/>
        <line num="81" count="3" type="cond" truecount="2" falsecount="0"/>
        <line num="82" count="3" type="stmt"/>
        <line num="83" count="3" type="cond" truecount="1" falsecount="1"/>
        <line num="84" count="3" type="stmt"/>
        <line num="85" count="3" type="stmt"/>
        <line num="89" count="3" type="stmt"/>
        <line num="90" count="3" type="stmt"/>
        <line num="91" count="3" type="stmt"/>
        <line num="92" count="12" type="cond" truecount="2" falsecount="0"/>
        <line num="93" count="9" type="stmt"/>
        <line num="94" count="9" type="stmt"/>
        <line num="95" count="9" type="cond" truecount="2" falsecount="0"/>
        <line num="96" count="3" type="stmt"/>
        <line num="100" count="3" type="stmt"/>
        <line num="116" count="10" type="stmt"/>
        <line num="117" count="10" type="cond" truecount="2" falsecount="0"/>
        <line num="118" count="1" type="stmt"/>
        <line num="122" count="9" type="cond" truecount="2" falsecount="0"/>
        <line num="123" count="6" type="cond" truecount="4" falsecount="0"/>
        <line num="124" count="1" type="stmt"/>
        <line num="128" count="5" type="cond" truecount="1" falsecount="1"/>
        <line num="130" count="5" type="stmt"/>
        <line num="131" count="5" type="cond" truecount="2" falsecount="0"/>
        <line num="132" count="1" type="stmt"/>
        <line num="134" count="4" type="cond" truecount="2" falsecount="0"/>
        <line num="135" count="1" type="stmt"/>
        <line num="140" count="3" type="cond" truecount="2" falsecount="0"/>
        <line num="141" count="1" type="stmt"/>
        <line num="145" count="5" type="stmt"/>
        <line num="148" count="5" type="stmt"/>
        <line num="151" count="5" type="stmt"/>
        <line num="154" count="5" type="stmt"/>
        <line num="158" count="5" type="cond" truecount="2" falsecount="0"/>
        <line num="159" count="2" type="stmt"/>
        <line num="160" count="2" type="stmt"/>
        <line num="161" count="2" type="stmt"/>
        <line num="162" count="2" type="stmt"/>
        <line num="164" count="3" type="stmt"/>
        <line num="165" count="3" type="stmt"/>
        <line num="169" count="5" type="cond" truecount="2" falsecount="0"/>
        <line num="170" count="10" type="stmt"/>
        <line num="176" count="10" type="cond" truecount="2" falsecount="0"/>
        <line num="177" count="3" type="stmt"/>
        <line num="181" count="5" type="stmt"/>
        <line num="182" count="5" type="stmt"/>
        <line num="184" count="5" type="stmt"/>
        <line num="199" count="9" type="stmt"/>
        <line num="200" count="9" type="cond" truecount="2" falsecount="0"/>
        <line num="201" count="1" type="stmt"/>
        <line num="204" count="8" type="stmt"/>
        <line num="207" count="8" type="cond" truecount="2" falsecount="0"/>
        <line num="208" count="2" type="stmt"/>
        <line num="209" count="2" type="cond" truecount="1" falsecount="1"/>
        <line num="210" count="0" type="stmt"/>
        <line num="214" count="2" type="stmt"/>
        <line num="215" count="2" type="cond" truecount="1" falsecount="1"/>
        <line num="216" count="0" type="stmt"/>
        <line num="218" count="2" type="cond" truecount="2" falsecount="0"/>
        <line num="219" count="1" type="stmt"/>
        <line num="223" count="1" type="stmt"/>
        <line num="227" count="7" type="cond" truecount="2" falsecount="0"/>
        <line num="228" count="5" type="stmt"/>
        <line num="231" count="7" type="cond" truecount="2" falsecount="0"/>
        <line num="232" count="1" type="stmt"/>
        <line num="236" count="6" type="stmt"/>
        <line num="237" count="6" type="stmt"/>
        <line num="238" count="6" type="stmt"/>
        <line num="241" count="6" type="stmt"/>
        <line num="252" count="4" type="stmt"/>
        <line num="253" count="4" type="cond" truecount="2" falsecount="0"/>
        <line num="254" count="1" type="stmt"/>
        <line num="257" count="3" type="stmt"/>
        <line num="258" count="3" type="cond" truecount="1" falsecount="1"/>
        <line num="259" count="0" type="stmt"/>
        <line num="264" count="3" type="stmt"/>
        <line num="274" count="5" type="stmt"/>
        <line num="291" count="5" type="cond" truecount="4" falsecount="0"/>
        <line num="293" count="2" type="stmt"/>
        <line num="296" count="3" type="stmt"/>
        <line num="297" count="3" type="cond" truecount="1" falsecount="1"/>
        <line num="298" count="0" type="stmt"/>
        <line num="300" count="3" type="stmt"/>
        <line num="304" count="5" type="cond" truecount="2" falsecount="0"/>
        <line num="305" count="3" type="stmt"/>
        <line num="307" count="2" type="stmt"/>
        <line num="321" count="3" type="stmt"/>
      </file>
      <file name="listing.ts" path="/home/lud/src/pm/src/core/listing.ts">
        <metrics statements="56" coveredstatements="56" conditionals="57" coveredconditionals="51" methods="4" coveredmethods="4"/>
        <line num="43" count="9" type="stmt"/>
        <line num="44" count="9" type="stmt"/>
        <line num="47" count="9" type="stmt"/>
        <line num="48" count="9" type="cond" truecount="2" falsecount="0"/>
        <line num="49" count="3" type="stmt"/>
        <line num="52" count="9" type="stmt"/>
        <line num="54" count="36" type="cond" truecount="4" falsecount="0"/>
        <line num="55" count="2" type="stmt"/>
        <line num="59" count="34" type="cond" truecount="4" falsecount="0"/>
        <line num="60" count="7" type="stmt"/>
        <line num="64" count="27" type="stmt"/>
        <line num="65" count="27" type="stmt"/>
        <line num="66" count="27" type="cond" truecount="1" falsecount="1"/>
        <line num="67" count="36" type="cond" truecount="1" falsecount="1"/>
        <line num="70" count="36" type="cond" truecount="4" falsecount="0"/>
        <line num="71" count="3" type="stmt"/>
        <line num="75" count="24" type="cond" truecount="2" falsecount="0"/>
        <line num="78" count="36" type="cond" truecount="2" falsecount="0"/>
        <line num="79" count="36" type="cond" truecount="2" falsecount="0"/>
        <line num="80" count="9" type="cond" truecount="2" falsecount="2"/>
        <line num="81" count="9" type="cond" truecount="4" falsecount="0"/>
        <line num="84" count="6" type="cond" truecount="2" falsecount="0"/>
        <line num="90" count="1" type="stmt"/>
        <line num="94" count="20" type="stmt"/>
        <line num="105" count="9" type="stmt"/>
        <line num="115" count="1" type="stmt"/>
        <line num="116" count="1" type="stmt"/>
        <line num="118" count="1" type="stmt"/>
        <line num="119" count="4" type="stmt"/>
        <line num="120" count="4" type="stmt"/>
        <line num="121" count="4" type="cond" truecount="1" falsecount="1"/>
        <line num="122" count="4" type="cond" truecount="2" falsecount="0"/>
        <line num="125" count="4" type="cond" truecount="2" falsecount="0"/>
        <line num="126" count="4" type="cond" truecount="2" falsecount="0"/>
        <line num="127" count="1" type="stmt"/>
        <line num="129" count="3" type="stmt"/>
        <line num="131" count="4" type="stmt"/>
        <line num="134" count="3" type="stmt"/>
        <line num="154" count="3" type="stmt"/>
        <line num="156" count="3" type="stmt"/>
        <line num="157" count="12" type="stmt"/>
        <line num="158" count="12" type="stmt"/>
        <line num="159" count="12" type="stmt"/>
        <line num="160" count="12" type="cond" truecount="2" falsecount="0"/>
        <line num="161" count="9" type="cond" truecount="2" falsecount="0"/>
        <line num="162" count="9" type="stmt"/>
        <line num="163" count="9" type="stmt"/>
        <line num="168" count="3" type="stmt"/>
        <line num="169" count="3" type="cond" truecount="2" falsecount="0"/>
        <line num="170" count="3" type="stmt"/>
        <line num="171" count="5" type="stmt"/>
        <line num="172" count="5" type="cond" truecount="1" falsecount="1"/>
        <line num="173" count="5" type="stmt"/>
        <line num="174" count="5" type="cond" truecount="2" falsecount="0"/>
        <line num="175" count="5" type="stmt"/>
        <line num="178" count="3" type="stmt"/>
      </file>
      <file name="scanner.ts" path="/home/lud/src/pm/src/core/scanner.ts">
        <metrics statements="45" coveredstatements="45" conditionals="23" coveredconditionals="20" methods="8" coveredmethods="8"/>
        <line num="9" count="3" type="stmt"/>
        <line num="20" count="184" type="stmt"/>
        <line num="21" count="184" type="cond" truecount="2" falsecount="0"/>
        <line num="22" count="178" type="stmt"/>
        <line num="39" count="8" type="stmt"/>
        <line num="40" count="8" type="stmt"/>
        <line num="67" count="64" type="stmt"/>
        <line num="68" count="64" type="stmt"/>
        <line num="69" count="192" type="stmt"/>
        <line num="73" count="64" type="stmt"/>
        <line num="74" count="64" type="stmt"/>
        <line num="75" count="192" type="cond" truecount="2" falsecount="0"/>
        <line num="76" count="64" type="stmt"/>
        <line num="82" count="64" type="stmt"/>
        <line num="83" count="192" type="cond" truecount="2" falsecount="0"/>
        <line num="84" count="64" type="stmt"/>
        <line num="89" count="64" type="stmt"/>
        <line num="90" count="64" type="stmt"/>
        <line num="99" count="127" type="stmt"/>
        <line num="100" count="127" type="stmt"/>
        <line num="102" count="1" type="stmt"/>
        <line num="105" count="126" type="stmt"/>
        <line num="106" count="238" type="stmt"/>
        <line num="109" count="238" type="cond" truecount="2" falsecount="0"/>
        <line num="110" count="175" type="stmt"/>
        <line num="111" count="175" type="cond" truecount="1" falsecount="1"/>
        <line num="112" count="175" type="stmt"/>
        <line num="113" count="175" type="cond" truecount="1" falsecount="1"/>
        <line num="114" count="175" type="stmt"/>
        <line num="126" count="203" type="stmt"/>
        <line num="127" count="203" type="stmt"/>
        <line num="128" count="203" type="cond" truecount="2" falsecount="0"/>
        <line num="129" count="63" type="stmt"/>
        <line num="148" count="41" type="stmt"/>
        <line num="149" count="87" type="cond" truecount="2" falsecount="0"/>
        <line num="151" count="6" type="stmt"/>
        <line num="161" count="16" type="stmt"/>
        <line num="168" count="7" type="stmt"/>
        <line num="169" count="7" type="stmt"/>
        <line num="170" count="24" type="cond" truecount="1" falsecount="1"/>
        <line num="172" count="7" type="stmt"/>
        <line num="180" count="8" type="cond" truecount="2" falsecount="0"/>
        <line num="181" count="5" type="stmt"/>
        <line num="182" count="5" type="cond" truecount="2" falsecount="0"/>
        <line num="183" count="3" type="stmt"/>
      </file>
    </package>
    <package name="lib">
      <metrics statements="137" coveredstatements="122" conditionals="58" coveredconditionals="45" methods="32" coveredmethods="28"/>
      <file name="cli.ts" path="/home/lud/src/pm/src/lib/cli.ts">
        <metrics statements="11" coveredstatements="8" conditionals="4" coveredconditionals="2" methods="9" coveredmethods="7"/>
        <line num="4" count="1" type="stmt"/>
        <line num="8" count="7" type="stmt"/>
        <line num="12" count="1" type="stmt"/>
        <line num="16" count="1" type="stmt"/>
        <line num="20" count="2" type="cond" truecount="2" falsecount="0"/>
        <line num="21" count="2" type="stmt"/>
        <line num="25" count="1" type="stmt"/>
        <line num="29" count="1" type="stmt"/>
        <line num="33" count="0" type="stmt"/>
        <line num="37" count="0" type="stmt"/>
        <line num="38" count="0" type="stmt"/>
      </file>
      <file name="format.ts" path="/home/lud/src/pm/src/lib/format.ts">
        <metrics statements="4" coveredstatements="4" conditionals="8" coveredconditionals="8" methods="1" coveredmethods="1"/>
        <line num="8" count="5" type="cond" truecount="2" falsecount="0"/>
        <line num="9" count="4" type="stmt"/>
        <line num="10" count="4" type="cond" truecount="4" falsecount="0"/>
        <line num="11" count="2" type="cond" truecount="2" falsecount="0"/>
      </file>
      <file name="frontmatter.ts" path="/home/lud/src/pm/src/lib/frontmatter.ts">
        <metrics statements="13" coveredstatements="13" conditionals="4" coveredconditionals="4" methods="6" coveredmethods="6"/>
        <line num="3" count="3" type="stmt"/>
        <line num="9" count="107" type="stmt"/>
        <line num="10" count="107" type="cond" truecount="2" falsecount="0"/>
        <line num="11" count="106" type="cond" truecount="2" falsecount="0"/>
        <line num="12" count="107" type="stmt"/>
        <line num="13" count="107" type="stmt"/>
        <line num="17" count="2" type="stmt"/>
        <line num="21" count="16" type="stmt"/>
        <line num="28" count="15" type="stmt"/>
        <line num="36" count="2" type="stmt"/>
        <line num="37" count="2" type="stmt"/>
        <line num="44" count="7" type="stmt"/>
        <line num="45" count="7" type="stmt"/>
      </file>
      <file name="fs-helpers.ts" path="/home/lud/src/pm/src/lib/fs-helpers.ts">
        <metrics statements="20" coveredstatements="15" conditionals="6" coveredconditionals="1" methods="5" coveredmethods="5"/>
        <line num="18" count="4" type="stmt"/>
        <line num="19" count="4" type="cond" truecount="1" falsecount="5"/>
        <line num="21" count="4" type="stmt"/>
        <line num="23" count="0" type="stmt"/>
        <line num="25" count="0" type="stmt"/>
        <line num="27" count="0" type="stmt"/>
        <line num="29" count="0" type="stmt"/>
        <line num="31" count="0" type="stmt"/>
        <line num="39" count="7" type="stmt"/>
        <line num="40" count="7" type="stmt"/>
        <line num="42" count="1" type="stmt"/>
        <line num="55" count="3" type="stmt"/>
        <line num="56" count="3" type="stmt"/>
        <line num="58" count="1" type="stmt"/>
        <line num="74" count="6" type="stmt"/>
        <line num="75" count="6" type="stmt"/>
        <line num="77" count="1" type="stmt"/>
        <line num="86" count="13" type="stmt"/>
        <line num="87" count="13" type="stmt"/>
        <line num="89" count="1" type="stmt"/>
      </file>
      <file name="project.ts" path="/home/lud/src/pm/src/lib/project.ts">
        <metrics statements="76" coveredstatements="69" conditionals="32" coveredconditionals="27" methods="7" coveredmethods="5"/>
        <line num="12" count="4" type="stmt"/>
        <line num="24" count="4" type="stmt"/>
        <line num="35" count="4" type="stmt"/>
        <line num="79" count="63" type="stmt"/>
        <line num="80" count="63" type="stmt"/>
        <line num="81" count="75" type="cond" truecount="2" falsecount="0"/>
        <line num="82" count="6" type="stmt"/>
        <line num="87" count="63" type="stmt"/>
        <line num="88" count="63" type="stmt"/>
        <line num="89" count="189" type="cond" truecount="2" falsecount="0"/>
        <line num="90" count="183" type="stmt"/>
        <line num="95" count="63" type="stmt"/>
        <line num="96" count="63" type="stmt"/>
        <line num="97" count="75" type="cond" truecount="2" falsecount="0"/>
        <line num="98" count="69" type="stmt"/>
        <line num="103" count="63" type="stmt"/>
        <line num="113" count="63" type="stmt"/>
        <line num="115" count="63" type="stmt"/>
        <line num="116" count="182" type="cond" truecount="2" falsecount="0"/>
        <line num="117" count="1" type="stmt"/>
        <line num="119" count="181" type="stmt"/>
        <line num="121" count="181" type="cond" truecount="4" falsecount="0"/>
        <line num="122" count="1" type="stmt"/>
        <line num="127" count="180" type="cond" truecount="2" falsecount="0"/>
        <line num="128" count="1" type="stmt"/>
        <line num="131" count="179" type="cond" truecount="2" falsecount="0"/>
        <line num="132" count="2" type="stmt"/>
        <line num="134" count="177" type="cond" truecount="2" falsecount="0"/>
        <line num="135" count="1" type="stmt"/>
        <line num="140" count="57" type="stmt"/>
        <line num="141" count="171" type="stmt"/>
        <line num="142" count="171" type="stmt"/>
        <line num="143" count="171" type="stmt"/>
        <line num="144" count="339" type="cond" truecount="2" falsecount="0"/>
        <line num="145" count="1" type="stmt"/>
        <line num="147" count="338" type="stmt"/>
        <line num="148" count="338" type="stmt"/>
        <line num="162" count="3" type="stmt"/>
        <line num="163" count="3" type="stmt"/>
        <line num="164" count="3" type="stmt"/>
        <line num="165" count="7" type="stmt"/>
        <line num="166" count="7" type="stmt"/>
        <line num="167" count="7" type="stmt"/>
        <line num="168" count="7" type="stmt"/>
        <line num="170" count="5" type="stmt"/>
        <line num="171" count="5" type="cond" truecount="1" falsecount="1"/>
        <line num="172" count="0" type="stmt"/>
        <line num="177" count="5" type="stmt"/>
        <line num="178" count="5" type="cond" truecount="2" falsecount="0"/>
        <line num="180" count="1" type="cond" truecount="2" falsecount="0"/>
        <line num="181" count="1" type="stmt"/>
        <line num="183" count="4" type="stmt"/>
        <line num="192" count="3" type="stmt"/>
        <line num="194" count="3" type="stmt"/>
        <line num="195" count="3" type="stmt"/>
        <line num="197" count="1" type="stmt"/>
        <line num="200" count="2" type="stmt"/>
        <line num="201" count="2" type="stmt"/>
        <line num="203" count="1" type="stmt"/>
        <line num="215" count="63" type="stmt"/>
        <line num="218" count="63" type="cond" truecount="1" falsecount="1"/>
        <line num="219" count="63" type="stmt"/>
        <line num="223" count="63" type="stmt"/>
        <line num="224" count="63" type="stmt"/>
        <line num="229" count="0" type="cond" truecount="0" falsecount="2"/>
        <line num="230" count="0" type="stmt"/>
        <line num="231" count="0" type="stmt"/>
        <line num="233" count="0" type="stmt"/>
        <line num="237" count="63" type="stmt"/>
        <line num="240" count="63" type="stmt"/>
        <line num="241" count="63" type="stmt"/>
        <line num="242" count="170" type="cond" truecount="1" falsecount="1"/>
        <line num="243" count="170" type="stmt"/>
        <line num="251" count="56" type="stmt"/>
        <line num="263" count="0" type="stmt"/>
        <line num="264" count="0" type="stmt"/>
      </file>
      <file name="test-workspace.ts" path="/home/lud/src/pm/src/lib/test-workspace.ts">
        <metrics statements="13" coveredstatements="13" conditionals="4" coveredconditionals="3" methods="4" coveredmethods="4"/>
        <line num="14" count="4" type="stmt"/>
        <line num="15" count="4" type="stmt"/>
        <line num="17" count="4" type="stmt"/>
        <line num="18" count="4" type="stmt"/>
        <line num="21" count="4" type="stmt"/>
        <line num="27" count="20" type="cond" truecount="1" falsecount="1"/>
        <line num="28" count="20" type="stmt"/>
        <line num="29" count="20" type="stmt"/>
        <line num="30" count="20" type="stmt"/>
        <line num="38" count="20" type="cond" truecount="2" falsecount="0"/>
        <line num="39" count="20" type="stmt"/>
        <line num="40" count="20" type="stmt"/>
        <line num="41" count="20" type="stmt"/>
      </file>
    </package>
  </project>
</coverage>
