{"/home/lud/src/pm/src/core/current.ts": {"path":"/home/lud/src/pm/src/core/current.ts","statementMap":{"0":{"start":{"line":4,"column":21},"end":{"line":4,"column":null}},"1":{"start":{"line":11,"column":8},"end":{"line":11,"column":49}},"2":{"start":{"line":12,"column":2},"end":{"line":18,"column":null}},"3":{"start":{"line":13,"column":10},"end":{"line":13,"column":58}},"4":{"start":{"line":14,"column":4},"end":{"line":14,"column":null}},"5":{"start":{"line":14,"column":18},"end":{"line":14,"column":null}},"6":{"start":{"line":15,"column":15},"end":{"line":15,"column":36}},"7":{"start":{"line":16,"column":4},"end":{"line":16,"column":null}},"8":{"start":{"line":18,"column":4},"end":{"line":18,"column":null}},"9":{"start":{"line":26,"column":8},"end":{"line":26,"column":49}},"10":{"start":{"line":27,"column":2},"end":{"line":27,"column":null}},"11":{"start":{"line":34,"column":8},"end":{"line":34,"column":49}},"12":{"start":{"line":35,"column":2},"end":{"line":37,"column":null}},"13":{"start":{"line":36,"column":4},"end":{"line":36,"column":null}},"14":{"start":{"line":46,"column":8},"end":{"line":46,"column":49}},"15":{"start":{"line":47,"column":2},"end":{"line":50,"column":null}},"16":{"start":{"line":48,"column":16},"end":{"line":48,"column":26}},"17":{"start":{"line":49,"column":4},"end":{"line":49,"column":null}}},"fnMap":{"0":{"name":"getCurrentId","decl":{"start":{"line":10,"column":16},"end":{"line":10,"column":29}},"loc":{"start":{"line":10,"column":64},"end":{"line":18,"column":null}},"line":10},"1":{"name":"setCurrentId","decl":{"start":{"line":25,"column":16},"end":{"line":25,"column":29}},"loc":{"start":{"line":25,"column":67},"end":{"line":27,"column":null}},"line":25},"2":{"name":"clearCurrentId","decl":{"start":{"line":33,"column":16},"end":{"line":33,"column":31}},"loc":{"start":{"line":33,"column":57},"end":{"line":37,"column":null}},"line":33},"3":{"name":"touchCurrent","decl":{"start":{"line":45,"column":16},"end":{"line":45,"column":29}},"loc":{"start":{"line":45,"column":55},"end":{"line":50,"column":null}},"line":45}},"branchMap":{"0":{"loc":{"start":{"line":14,"column":4},"end":{"line":14,"column":null}},"type":"if","locations":[{"start":{"line":14,"column":4},"end":{"line":14,"column":null}},{"start":{},"end":{}}],"line":14},"1":{"loc":{"start":{"line":16,"column":11},"end":{"line":16,"column":null}},"type":"cond-expr","locations":[{"start":{"line":16,"column":34},"end":{"line":16,"column":41}},{"start":{"line":16,"column":41},"end":{"line":16,"column":null}}],"line":16},"2":{"loc":{"start":{"line":16,"column":11},"end":{"line":16,"column":34}},"type":"binary-expr","locations":[{"start":{"line":16,"column":11},"end":{"line":16,"column":20}},{"start":{"line":16,"column":24},"end":{"line":16,"column":34}}],"line":16}},"s":{"0":1,"1":7,"2":7,"3":7,"4":7,"5":1,"6":4,"7":4,"8":2,"9":6,"10":6,"11":2,"12":2,"13":2,"14":2,"15":2,"16":2,"17":2},"f":{"0":7,"1":6,"2":2,"3":2},"b":{"0":[1,6],"1":[2,2],"2":[4,3]},"meta":{"lastBranch":3,"lastFunction":4,"lastStatement":18,"seen":{"s:4:21:4:Infinity":0,"f:10:16:10:29":0,"s:11:8:11:49":1,"s:12:2:18:Infinity":2,"s:13:10:13:58":3,"b:14:4:14:Infinity:undefined:undefined:undefined:undefined":0,"s:14:4:14:Infinity":4,"s:14:18:14:Infinity":5,"s:15:15:15:36":6,"s:16:4:16:Infinity":7,"b:16:34:16:41:16:41:16:Infinity":1,"b:16:11:16:20:16:24:16:34":2,"s:18:4:18:Infinity":8,"f:25:16:25:29":1,"s:26:8:26:49":9,"s:27:2:27:Infinity":10,"f:33:16:33:31":2,"s:34:8:34:49":11,"s:35:2:37:Infinity":12,"s:36:4:36:Infinity":13,"f:45:16:45:29":3,"s:46:8:46:49":14,"s:47:2:50:Infinity":15,"s:48:16:48:26":16,"s:49:4:49:Infinity":17}}}
,"/home/lud/src/pm/src/core/documents.ts": {"path":"/home/lud/src/pm/src/core/documents.ts","statementMap":{"0":{"start":{"line":48,"column":8},"end":{"line":48,"column":47}},"1":{"start":{"line":49,"column":2},"end":{"line":49,"column":null}},"2":{"start":{"line":49,"column":16},"end":{"line":49,"column":null}},"3":{"start":{"line":50,"column":2},"end":{"line":50,"column":null}},"4":{"start":{"line":54,"column":8},"end":{"line":54,"column":53}},"5":{"start":{"line":55,"column":16},"end":{"line":55,"column":50}},"6":{"start":{"line":56,"column":2},"end":{"line":64,"column":null}},"7":{"start":{"line":75,"column":14},"end":{"line":75,"column":39}},"8":{"start":{"line":76,"column":2},"end":{"line":76,"column":null}},"9":{"start":{"line":76,"column":12},"end":{"line":76,"column":null}},"10":{"start":{"line":79,"column":34},"end":{"line":79,"column":36}},"11":{"start":{"line":80,"column":24},"end":{"line":80,"column":null}},"12":{"start":{"line":81,"column":2},"end":{"line":85,"column":null}},"13":{"start":{"line":82,"column":19},"end":{"line":82,"column":57}},"14":{"start":{"line":83,"column":4},"end":{"line":83,"column":null}},"15":{"start":{"line":83,"column":17},"end":{"line":83,"column":null}},"16":{"start":{"line":84,"column":4},"end":{"line":84,"column":null}},"17":{"start":{"line":85,"column":4},"end":{"line":85,"column":null}},"18":{"start":{"line":89,"column":35},"end":{"line":89,"column":37}},"19":{"start":{"line":90,"column":8},"end":{"line":90,"column":46}},"20":{"start":{"line":91,"column":2},"end":{"line":96,"column":null}},"21":{"start":{"line":92,"column":4},"end":{"line":92,"column":null}},"22":{"start":{"line":92,"column":27},"end":{"line":92,"column":null}},"23":{"start":{"line":93,"column":10},"end":{"line":93,"column":60}},"24":{"start":{"line":94,"column":12},"end":{"line":94,"column":51}},"25":{"start":{"line":95,"column":4},"end":{"line":96,"column":null}},"26":{"start":{"line":96,"column":6},"end":{"line":96,"column":null}},"27":{"start":{"line":100,"column":2},"end":{"line":100,"column":null}},"28":{"start":{"line":116,"column":18},"end":{"line":116,"column":null}},"29":{"start":{"line":117,"column":2},"end":{"line":118,"column":null}},"30":{"start":{"line":118,"column":4},"end":{"line":118,"column":null}},"31":{"start":{"line":122,"column":2},"end":{"line":141,"column":null}},"32":{"start":{"line":123,"column":4},"end":{"line":126,"column":null}},"33":{"start":{"line":124,"column":6},"end":{"line":126,"column":null}},"34":{"start":{"line":128,"column":4},"end":{"line":137,"column":null}},"35":{"start":{"line":130,"column":24},"end":{"line":130,"column":63}},"36":{"start":{"line":131,"column":6},"end":{"line":132,"column":null}},"37":{"start":{"line":132,"column":8},"end":{"line":132,"column":null}},"38":{"start":{"line":134,"column":6},"end":{"line":137,"column":null}},"39":{"start":{"line":135,"column":8},"end":{"line":137,"column":null}},"40":{"start":{"line":140,"column":13},"end":{"line":141,"column":null}},"41":{"start":{"line":141,"column":4},"end":{"line":141,"column":null}},"42":{"start":{"line":145,"column":8},"end":{"line":145,"column":31}},"43":{"start":{"line":148,"column":15},"end":{"line":148,"column":29}},"44":{"start":{"line":151,"column":20},"end":{"line":151,"column":78}},"45":{"start":{"line":154,"column":8},"end":{"line":154,"column":64}},"46":{"start":{"line":158,"column":2},"end":{"line":165,"column":null}},"47":{"start":{"line":159,"column":20},"end":{"line":159,"column":null}},"48":{"start":{"line":160,"column":10},"end":{"line":160,"column":52}},"49":{"start":{"line":161,"column":4},"end":{"line":161,"column":null}},"50":{"start":{"line":162,"column":4},"end":{"line":162,"column":null}},"51":{"start":{"line":164,"column":4},"end":{"line":164,"column":null}},"52":{"start":{"line":165,"column":4},"end":{"line":165,"column":null}},"53":{"start":{"line":169,"column":17},"end":{"line":169,"column":null}},"54":{"start":{"line":170,"column":51},"end":{"line":175,"column":null}},"55":{"start":{"line":176,"column":2},"end":{"line":177,"column":null}},"56":{"start":{"line":177,"column":4},"end":{"line":177,"column":null}},"57":{"start":{"line":181,"column":8},"end":{"line":181,"column":59}},"58":{"start":{"line":182,"column":2},"end":{"line":182,"column":null}},"59":{"start":{"line":184,"column":2},"end":{"line":184,"column":null}},"60":{"start":{"line":199,"column":14},"end":{"line":199,"column":39}},"61":{"start":{"line":200,"column":2},"end":{"line":201,"column":null}},"62":{"start":{"line":201,"column":4},"end":{"line":201,"column":null}},"63":{"start":{"line":204,"column":43},"end":{"line":204,"column":45}},"64":{"start":{"line":207,"column":2},"end":{"line":223,"column":null}},"65":{"start":{"line":208,"column":26},"end":{"line":208,"column":null}},"66":{"start":{"line":209,"column":4},"end":{"line":212,"column":null}},"67":{"start":{"line":210,"column":6},"end":{"line":212,"column":null}},"68":{"start":{"line":214,"column":22},"end":{"line":214,"column":62}},"69":{"start":{"line":215,"column":4},"end":{"line":216,"column":null}},"70":{"start":{"line":216,"column":6},"end":{"line":216,"column":null}},"71":{"start":{"line":218,"column":4},"end":{"line":221,"column":null}},"72":{"start":{"line":219,"column":6},"end":{"line":221,"column":null}},"73":{"start":{"line":223,"column":4},"end":{"line":223,"column":null}},"74":{"start":{"line":227,"column":2},"end":{"line":228,"column":null}},"75":{"start":{"line":228,"column":4},"end":{"line":228,"column":null}},"76":{"start":{"line":231,"column":2},"end":{"line":232,"column":null}},"77":{"start":{"line":232,"column":4},"end":{"line":232,"column":null}},"78":{"start":{"line":236,"column":8},"end":{"line":236,"column":49}},"79":{"start":{"line":237,"column":8},"end":{"line":237,"column":63}},"80":{"start":{"line":238,"column":2},"end":{"line":238,"column":null}},"81":{"start":{"line":241,"column":2},"end":{"line":241,"column":null}},"82":{"start":{"line":252,"column":14},"end":{"line":252,"column":39}},"83":{"start":{"line":253,"column":2},"end":{"line":254,"column":null}},"84":{"start":{"line":254,"column":4},"end":{"line":254,"column":null}},"85":{"start":{"line":257,"column":23},"end":{"line":257,"column":null}},"86":{"start":{"line":258,"column":2},"end":{"line":261,"column":null}},"87":{"start":{"line":259,"column":4},"end":{"line":261,"column":null}},"88":{"start":{"line":264,"column":2},"end":{"line":266,"column":null}},"89":{"start":{"line":274,"column":2},"end":{"line":277,"column":null}},"90":{"start":{"line":291,"column":2},"end":{"line":300,"column":null}},"91":{"start":{"line":293,"column":4},"end":{"line":293,"column":null}},"92":{"start":{"line":296,"column":10},"end":{"line":296,"column":57}},"93":{"start":{"line":297,"column":4},"end":{"line":298,"column":null}},"94":{"start":{"line":298,"column":6},"end":{"line":298,"column":null}},"95":{"start":{"line":300,"column":4},"end":{"line":300,"column":null}},"96":{"start":{"line":304,"column":2},"end":{"line":305,"column":null}},"97":{"start":{"line":305,"column":4},"end":{"line":305,"column":null}},"98":{"start":{"line":307,"column":2},"end":{"line":307,"column":null}},"99":{"start":{"line":321,"column":2},"end":{"line":321,"column":null}}},"fnMap":{"0":{"name":"readDocument","decl":{"start":{"line":44,"column":16},"end":{"line":44,"column":null}},"loc":{"start":{"line":47,"column":23},"end":{"line":50,"column":null}},"line":47},"1":{"name":"loadDocumentInfo","decl":{"start":{"line":53,"column":9},"end":{"line":53,"column":26}},"loc":{"start":{"line":53,"column":66},"end":{"line":64,"column":null}},"line":53},"2":{"name":"showDocument","decl":{"start":{"line":71,"column":16},"end":{"line":71,"column":null}},"loc":{"start":{"line":74,"column":21},"end":{"line":100,"column":null}},"line":74},"3":{"name":"createDocument","decl":{"start":{"line":107,"column":16},"end":{"line":107,"column":null}},"loc":{"start":{"line":115,"column":16},"end":{"line":184,"column":null}},"line":115},"4":{"name":"editDocument","decl":{"start":{"line":191,"column":16},"end":{"line":191,"column":null}},"loc":{"start":{"line":198,"column":16},"end":{"line":241,"column":null}},"line":198},"5":{"name":"markDone","decl":{"start":{"line":248,"column":16},"end":{"line":248,"column":null}},"loc":{"start":{"line":251,"column":16},"end":{"line":266,"column":null}},"line":251},"6":{"name":"slugify","decl":{"start":{"line":273,"column":9},"end":{"line":273,"column":17}},"loc":{"start":{"line":273,"column":40},"end":{"line":277,"column":null}},"line":273},"7":{"name":"resolveTargetDirectory","decl":{"start":{"line":284,"column":9},"end":{"line":284,"column":null}},"loc":{"start":{"line":288,"column":10},"end":{"line":307,"column":null}},"line":288},"8":{"name":"getSelfDirectory","decl":{"start":{"line":320,"column":9},"end":{"line":320,"column":26}},"loc":{"start":{"line":320,"column":56},"end":{"line":321,"column":null}},"line":320}},"branchMap":{"0":{"loc":{"start":{"line":49,"column":2},"end":{"line":49,"column":null}},"type":"if","locations":[{"start":{"line":49,"column":2},"end":{"line":49,"column":null}},{"start":{},"end":{}}],"line":49},"1":{"loc":{"start":{"line":76,"column":2},"end":{"line":76,"column":null}},"type":"if","locations":[{"start":{"line":76,"column":2},"end":{"line":76,"column":null}},{"start":{},"end":{}}],"line":76},"2":{"loc":{"start":{"line":81,"column":9},"end":{"line":81,"column":69}},"type":"binary-expr","locations":[{"start":{"line":81,"column":9},"end":{"line":81,"column":48}},{"start":{"line":81,"column":48},"end":{"line":81,"column":69}}],"line":81},"3":{"loc":{"start":{"line":83,"column":4},"end":{"line":83,"column":null}},"type":"if","locations":[{"start":{"line":83,"column":4},"end":{"line":83,"column":null}},{"start":{},"end":{}}],"line":83},"4":{"loc":{"start":{"line":92,"column":4},"end":{"line":92,"column":null}},"type":"if","locations":[{"start":{"line":92,"column":4},"end":{"line":92,"column":null}},{"start":{},"end":{}}],"line":92},"5":{"loc":{"start":{"line":95,"column":4},"end":{"line":96,"column":null}},"type":"if","locations":[{"start":{"line":95,"column":4},"end":{"line":96,"column":null}},{"start":{},"end":{}}],"line":95},"6":{"loc":{"start":{"line":111,"column":2},"end":{"line":114,"column":8}},"type":"default-arg","locations":[{"start":{"line":114,"column":6},"end":{"line":114,"column":8}}],"line":111},"7":{"loc":{"start":{"line":117,"column":2},"end":{"line":118,"column":null}},"type":"if","locations":[{"start":{"line":117,"column":2},"end":{"line":118,"column":null}},{"start":{},"end":{}}],"line":117},"8":{"loc":{"start":{"line":122,"column":2},"end":{"line":141,"column":null}},"type":"if","locations":[{"start":{"line":122,"column":2},"end":{"line":141,"column":null}},{"start":{"line":140,"column":13},"end":{"line":141,"column":null}}],"line":122},"9":{"loc":{"start":{"line":123,"column":4},"end":{"line":126,"column":null}},"type":"if","locations":[{"start":{"line":123,"column":4},"end":{"line":126,"column":null}},{"start":{},"end":{}}],"line":123},"10":{"loc":{"start":{"line":123,"column":8},"end":{"line":123,"column":65}},"type":"binary-expr","locations":[{"start":{"line":123,"column":8},"end":{"line":123,"column":33}},{"start":{"line":123,"column":33},"end":{"line":123,"column":65}}],"line":123},"11":{"loc":{"start":{"line":128,"column":4},"end":{"line":137,"column":null}},"type":"if","locations":[{"start":{"line":128,"column":4},"end":{"line":137,"column":null}},{"start":{},"end":{}}],"line":128},"12":{"loc":{"start":{"line":131,"column":6},"end":{"line":132,"column":null}},"type":"if","locations":[{"start":{"line":131,"column":6},"end":{"line":132,"column":null}},{"start":{},"end":{}}],"line":131},"13":{"loc":{"start":{"line":134,"column":6},"end":{"line":137,"column":null}},"type":"if","locations":[{"start":{"line":134,"column":6},"end":{"line":137,"column":null}},{"start":{},"end":{}}],"line":134},"14":{"loc":{"start":{"line":140,"column":13},"end":{"line":141,"column":null}},"type":"if","locations":[{"start":{"line":140,"column":13},"end":{"line":141,"column":null}},{"start":{},"end":{}}],"line":140},"15":{"loc":{"start":{"line":158,"column":2},"end":{"line":165,"column":null}},"type":"if","locations":[{"start":{"line":158,"column":2},"end":{"line":165,"column":null}},{"start":{"line":163,"column":9},"end":{"line":165,"column":null}}],"line":158},"16":{"loc":{"start":{"line":169,"column":17},"end":{"line":169,"column":null}},"type":"binary-expr","locations":[{"start":{"line":169,"column":17},"end":{"line":169,"column":35}},{"start":{"line":169,"column":35},"end":{"line":169,"column":null}}],"line":169},"17":{"loc":{"start":{"line":176,"column":2},"end":{"line":177,"column":null}},"type":"if","locations":[{"start":{"line":176,"column":2},"end":{"line":177,"column":null}},{"start":{},"end":{}}],"line":176},"18":{"loc":{"start":{"line":200,"column":2},"end":{"line":201,"column":null}},"type":"if","locations":[{"start":{"line":200,"column":2},"end":{"line":201,"column":null}},{"start":{},"end":{}}],"line":200},"19":{"loc":{"start":{"line":207,"column":2},"end":{"line":223,"column":null}},"type":"if","locations":[{"start":{"line":207,"column":2},"end":{"line":223,"column":null}},{"start":{},"end":{}}],"line":207},"20":{"loc":{"start":{"line":209,"column":4},"end":{"line":212,"column":null}},"type":"if","locations":[{"start":{"line":209,"column":4},"end":{"line":212,"column":null}},{"start":{},"end":{}}],"line":209},"21":{"loc":{"start":{"line":215,"column":4},"end":{"line":216,"column":null}},"type":"if","locations":[{"start":{"line":215,"column":4},"end":{"line":216,"column":null}},{"start":{},"end":{}}],"line":215},"22":{"loc":{"start":{"line":218,"column":4},"end":{"line":221,"column":null}},"type":"if","locations":[{"start":{"line":218,"column":4},"end":{"line":221,"column":null}},{"start":{},"end":{}}],"line":218},"23":{"loc":{"start":{"line":227,"column":2},"end":{"line":228,"column":null}},"type":"if","locations":[{"start":{"line":227,"column":2},"end":{"line":228,"column":null}},{"start":{},"end":{}}],"line":227},"24":{"loc":{"start":{"line":231,"column":2},"end":{"line":232,"column":null}},"type":"if","locations":[{"start":{"line":231,"column":2},"end":{"line":232,"column":null}},{"start":{},"end":{}}],"line":231},"25":{"loc":{"start":{"line":253,"column":2},"end":{"line":254,"column":null}},"type":"if","locations":[{"start":{"line":253,"column":2},"end":{"line":254,"column":null}},{"start":{},"end":{}}],"line":253},"26":{"loc":{"start":{"line":258,"column":2},"end":{"line":261,"column":null}},"type":"if","locations":[{"start":{"line":258,"column":2},"end":{"line":261,"column":null}},{"start":{},"end":{}}],"line":258},"27":{"loc":{"start":{"line":291,"column":2},"end":{"line":300,"column":null}},"type":"if","locations":[{"start":{"line":291,"column":2},"end":{"line":300,"column":null}},{"start":{"line":294,"column":9},"end":{"line":300,"column":null}}],"line":291},"28":{"loc":{"start":{"line":291,"column":6},"end":{"line":291,"column":62}},"type":"binary-expr","locations":[{"start":{"line":291,"column":6},"end":{"line":291,"column":38}},{"start":{"line":291,"column":38},"end":{"line":291,"column":62}}],"line":291},"29":{"loc":{"start":{"line":297,"column":4},"end":{"line":298,"column":null}},"type":"if","locations":[{"start":{"line":297,"column":4},"end":{"line":298,"column":null}},{"start":{},"end":{}}],"line":297},"30":{"loc":{"start":{"line":304,"column":2},"end":{"line":305,"column":null}},"type":"if","locations":[{"start":{"line":304,"column":2},"end":{"line":305,"column":null}},{"start":{},"end":{}}],"line":304}},"s":{"0":36,"1":36,"2":5,"3":31,"4":34,"5":34,"6":34,"7":4,"8":4,"9":1,"10":3,"11":3,"12":3,"13":3,"14":3,"15":0,"16":3,"17":3,"18":3,"19":3,"20":3,"21":12,"22":3,"23":9,"24":9,"25":9,"26":3,"27":3,"28":10,"29":10,"30":1,"31":9,"32":6,"33":1,"34":5,"35":5,"36":5,"37":1,"38":4,"39":1,"40":3,"41":1,"42":5,"43":5,"44":5,"45":5,"46":5,"47":2,"48":2,"49":2,"50":2,"51":3,"52":3,"53":5,"54":10,"55":10,"56":3,"57":5,"58":5,"59":5,"60":9,"61":9,"62":1,"63":8,"64":8,"65":2,"66":2,"67":0,"68":2,"69":2,"70":0,"71":2,"72":1,"73":1,"74":7,"75":5,"76":7,"77":1,"78":6,"79":6,"80":6,"81":6,"82":4,"83":4,"84":1,"85":3,"86":3,"87":0,"88":3,"89":5,"90":5,"91":2,"92":3,"93":3,"94":0,"95":3,"96":5,"97":3,"98":2,"99":3},"f":{"0":36,"1":34,"2":4,"3":10,"4":9,"5":4,"6":5,"7":5,"8":3},"b":{"0":[5,31],"1":[1,3],"2":[3,3],"3":[0,3],"4":[3,9],"5":[3,6],"6":[10],"7":[1,9],"8":[6,3],"9":[1,5],"10":[6,6],"11":[5,0],"12":[1,4],"13":[1,3],"14":[1,2],"15":[2,3],"16":[5,4],"17":[3,7],"18":[1,8],"19":[2,6],"20":[0,2],"21":[0,2],"22":[1,1],"23":[5,2],"24":[1,6],"25":[1,3],"26":[0,3],"27":[2,3],"28":[5,3],"29":[0,3],"30":[3,2]},"meta":{"lastBranch":31,"lastFunction":9,"lastStatement":100,"seen":{"f:44:16:44:Infinity":0,"s:48:8:48:47":0,"b:49:2:49:Infinity:undefined:undefined:undefined:undefined":0,"s:49:2:49:Infinity":1,"s:49:16:49:Infinity":2,"s:50:2:50:Infinity":3,"f:53:9:53:26":1,"s:54:8:54:53":4,"s:55:16:55:50":5,"s:56:2:64:Infinity":6,"f:71:16:71:Infinity":2,"s:75:14:75:39":7,"b:76:2:76:Infinity:undefined:undefined:undefined:undefined":1,"s:76:2:76:Infinity":8,"s:76:12:76:Infinity":9,"s:79:34:79:36":10,"s:80:24:80:Infinity":11,"s:81:2:85:Infinity":12,"b:81:9:81:48:81:48:81:69":2,"s:82:19:82:57":13,"b:83:4:83:Infinity:undefined:undefined:undefined:undefined":3,"s:83:4:83:Infinity":14,"s:83:17:83:Infinity":15,"s:84:4:84:Infinity":16,"s:85:4:85:Infinity":17,"s:89:35:89:37":18,"s:90:8:90:46":19,"s:91:2:96:Infinity":20,"b:92:4:92:Infinity:undefined:undefined:undefined:undefined":4,"s:92:4:92:Infinity":21,"s:92:27:92:Infinity":22,"s:93:10:93:60":23,"s:94:12:94:51":24,"b:95:4:96:Infinity:undefined:undefined:undefined:undefined":5,"s:95:4:96:Infinity":25,"s:96:6:96:Infinity":26,"s:100:2:100:Infinity":27,"f:107:16:107:Infinity":3,"b:114:6:114:8":6,"s:116:18:116:Infinity":28,"b:117:2:118:Infinity:undefined:undefined:undefined:undefined":7,"s:117:2:118:Infinity":29,"s:118:4:118:Infinity":30,"b:122:2:141:Infinity:140:13:141:Infinity":8,"s:122:2:141:Infinity":31,"b:123:4:126:Infinity:undefined:undefined:undefined:undefined":9,"s:123:4:126:Infinity":32,"b:123:8:123:33:123:33:123:65":10,"s:124:6:126:Infinity":33,"b:128:4:137:Infinity:undefined:undefined:undefined:undefined":11,"s:128:4:137:Infinity":34,"s:130:24:130:63":35,"b:131:6:132:Infinity:undefined:undefined:undefined:undefined":12,"s:131:6:132:Infinity":36,"s:132:8:132:Infinity":37,"b:134:6:137:Infinity:undefined:undefined:undefined:undefined":13,"s:134:6:137:Infinity":38,"s:135:8:137:Infinity":39,"b:140:13:141:Infinity:undefined:undefined:undefined:undefined":14,"s:140:13:141:Infinity":40,"s:141:4:141:Infinity":41,"s:145:8:145:31":42,"s:148:15:148:29":43,"s:151:20:151:78":44,"s:154:8:154:64":45,"b:158:2:165:Infinity:163:9:165:Infinity":15,"s:158:2:165:Infinity":46,"s:159:20:159:Infinity":47,"s:160:10:160:52":48,"s:161:4:161:Infinity":49,"s:162:4:162:Infinity":50,"s:164:4:164:Infinity":51,"s:165:4:165:Infinity":52,"s:169:17:169:Infinity":53,"b:169:17:169:35:169:35:169:Infinity":16,"s:170:51:175:Infinity":54,"b:176:2:177:Infinity:undefined:undefined:undefined:undefined":17,"s:176:2:177:Infinity":55,"s:177:4:177:Infinity":56,"s:181:8:181:59":57,"s:182:2:182:Infinity":58,"s:184:2:184:Infinity":59,"f:191:16:191:Infinity":4,"s:199:14:199:39":60,"b:200:2:201:Infinity:undefined:undefined:undefined:undefined":18,"s:200:2:201:Infinity":61,"s:201:4:201:Infinity":62,"s:204:43:204:45":63,"b:207:2:223:Infinity:undefined:undefined:undefined:undefined":19,"s:207:2:223:Infinity":64,"s:208:26:208:Infinity":65,"b:209:4:212:Infinity:undefined:undefined:undefined:undefined":20,"s:209:4:212:Infinity":66,"s:210:6:212:Infinity":67,"s:214:22:214:62":68,"b:215:4:216:Infinity:undefined:undefined:undefined:undefined":21,"s:215:4:216:Infinity":69,"s:216:6:216:Infinity":70,"b:218:4:221:Infinity:undefined:undefined:undefined:undefined":22,"s:218:4:221:Infinity":71,"s:219:6:221:Infinity":72,"s:223:4:223:Infinity":73,"b:227:2:228:Infinity:undefined:undefined:undefined:undefined":23,"s:227:2:228:Infinity":74,"s:228:4:228:Infinity":75,"b:231:2:232:Infinity:undefined:undefined:undefined:undefined":24,"s:231:2:232:Infinity":76,"s:232:4:232:Infinity":77,"s:236:8:236:49":78,"s:237:8:237:63":79,"s:238:2:238:Infinity":80,"s:241:2:241:Infinity":81,"f:248:16:248:Infinity":5,"s:252:14:252:39":82,"b:253:2:254:Infinity:undefined:undefined:undefined:undefined":25,"s:253:2:254:Infinity":83,"s:254:4:254:Infinity":84,"s:257:23:257:Infinity":85,"b:258:2:261:Infinity:undefined:undefined:undefined:undefined":26,"s:258:2:261:Infinity":86,"s:259:4:261:Infinity":87,"s:264:2:266:Infinity":88,"f:273:9:273:17":6,"s:274:2:277:Infinity":89,"f:284:9:284:Infinity":7,"b:291:2:300:Infinity:294:9:300:Infinity":27,"s:291:2:300:Infinity":90,"b:291:6:291:38:291:38:291:62":28,"s:293:4:293:Infinity":91,"s:296:10:296:57":92,"b:297:4:298:Infinity:undefined:undefined:undefined:undefined":29,"s:297:4:298:Infinity":93,"s:298:6:298:Infinity":94,"s:300:4:300:Infinity":95,"b:304:2:305:Infinity:undefined:undefined:undefined:undefined":30,"s:304:2:305:Infinity":96,"s:305:4:305:Infinity":97,"s:307:2:307:Infinity":98,"f:320:9:320:26":8,"s:321:2:321:Infinity":99}}}
,"/home/lud/src/pm/src/core/listing.ts": {"path":"/home/lud/src/pm/src/core/listing.ts","statementMap":{"0":{"start":{"line":43,"column":8},"end":{"line":43,"column":46}},"1":{"start":{"line":44,"column":31},"end":{"line":44,"column":33}},"2":{"start":{"line":47,"column":42},"end":{"line":47,"column":null}},"3":{"start":{"line":48,"column":2},"end":{"line":49,"column":null}},"4":{"start":{"line":49,"column":4},"end":{"line":49,"column":null}},"5":{"start":{"line":52,"column":2},"end":{"line":102,"column":null}},"6":{"start":{"line":54,"column":4},"end":{"line":55,"column":null}},"7":{"start":{"line":55,"column":6},"end":{"line":55,"column":null}},"8":{"start":{"line":59,"column":4},"end":{"line":60,"column":null}},"9":{"start":{"line":60,"column":6},"end":{"line":60,"column":null}},"10":{"start":{"line":64,"column":10},"end":{"line":64,"column":51}},"11":{"start":{"line":65,"column":12},"end":{"line":65,"column":46}},"12":{"start":{"line":66,"column":19},"end":{"line":66,"column":null}},"13":{"start":{"line":67,"column":18},"end":{"line":67,"column":null}},"14":{"start":{"line":70,"column":4},"end":{"line":71,"column":null}},"15":{"start":{"line":71,"column":6},"end":{"line":71,"column":null}},"16":{"start":{"line":75,"column":21},"end":{"line":76,"column":49}},"17":{"start":{"line":78,"column":21},"end":{"line":78,"column":null}},"18":{"start":{"line":79,"column":4},"end":{"line":90,"column":null}},"19":{"start":{"line":80,"column":6},"end":{"line":80,"column":null}},"20":{"start":{"line":80,"column":35},"end":{"line":80,"column":null}},"21":{"start":{"line":81,"column":6},"end":{"line":81,"column":null}},"22":{"start":{"line":81,"column":38},"end":{"line":81,"column":null}},"23":{"start":{"line":84,"column":6},"end":{"line":90,"column":null}},"24":{"start":{"line":90,"column":8},"end":{"line":90,"column":null}},"25":{"start":{"line":94,"column":4},"end":{"line":102,"column":null}},"26":{"start":{"line":105,"column":2},"end":{"line":105,"column":null}},"27":{"start":{"line":115,"column":8},"end":{"line":115,"column":46}},"28":{"start":{"line":116,"column":17},"end":{"line":116,"column":68}},"29":{"start":{"line":118,"column":2},"end":{"line":131,"column":null}},"30":{"start":{"line":119,"column":10},"end":{"line":119,"column":51}},"31":{"start":{"line":120,"column":12},"end":{"line":120,"column":46}},"32":{"start":{"line":121,"column":19},"end":{"line":121,"column":null}},"33":{"start":{"line":122,"column":21},"end":{"line":123,"column":49}},"34":{"start":{"line":125,"column":18},"end":{"line":125,"column":null}},"35":{"start":{"line":126,"column":4},"end":{"line":129,"column":null}},"36":{"start":{"line":127,"column":6},"end":{"line":127,"column":null}},"37":{"start":{"line":129,"column":6},"end":{"line":129,"column":null}},"38":{"start":{"line":131,"column":4},"end":{"line":131,"column":null}},"39":{"start":{"line":134,"column":2},"end":{"line":138,"column":null}},"40":{"start":{"line":134,"column":76},"end":{"line":138,"column":5}},"41":{"start":{"line":154,"column":21},"end":{"line":154,"column":48}},"42":{"start":{"line":156,"column":2},"end":{"line":163,"column":null}},"43":{"start":{"line":157,"column":10},"end":{"line":157,"column":51}},"44":{"start":{"line":158,"column":12},"end":{"line":158,"column":46}},"45":{"start":{"line":159,"column":19},"end":{"line":159,"column":null}},"46":{"start":{"line":160,"column":4},"end":{"line":163,"column":null}},"47":{"start":{"line":161,"column":23},"end":{"line":161,"column":51}},"48":{"start":{"line":162,"column":6},"end":{"line":162,"column":null}},"49":{"start":{"line":163,"column":6},"end":{"line":163,"column":null}},"50":{"start":{"line":168,"column":22},"end":{"line":168,"column":39}},"51":{"start":{"line":169,"column":16},"end":{"line":169,"column":46}},"52":{"start":{"line":170,"column":2},"end":{"line":175,"column":null}},"53":{"start":{"line":171,"column":15},"end":{"line":171,"column":28}},"54":{"start":{"line":172,"column":4},"end":{"line":172,"column":null}},"55":{"start":{"line":172,"column":29},"end":{"line":172,"column":null}},"56":{"start":{"line":173,"column":4},"end":{"line":173,"column":null}},"57":{"start":{"line":174,"column":21},"end":{"line":174,"column":45}},"58":{"start":{"line":175,"column":4},"end":{"line":175,"column":null}},"59":{"start":{"line":178,"column":2},"end":{"line":178,"column":null}}},"fnMap":{"0":{"name":"listDocuments","decl":{"start":{"line":39,"column":16},"end":{"line":39,"column":null}},"loc":{"start":{"line":42,"column":15},"end":{"line":105,"column":null}},"line":42},"1":{"name":"getStatusSummary","decl":{"start":{"line":112,"column":16},"end":{"line":112,"column":null}},"loc":{"start":{"line":114,"column":19},"end":{"line":138,"column":null}},"line":114},"2":{"name":"(anonymous_2)","decl":{"start":{"line":134,"column":38},"end":{"line":134,"column":43}},"loc":{"start":{"line":134,"column":76},"end":{"line":138,"column":5}},"line":134},"3":{"name":"findDescendantIds","decl":{"start":{"line":149,"column":9},"end":{"line":149,"column":null}},"loc":{"start":{"line":152,"column":15},"end":{"line":178,"column":null}},"line":152}},"branchMap":{"0":{"loc":{"start":{"line":41,"column":2},"end":{"line":41,"column":25}},"type":"default-arg","locations":[{"start":{"line":41,"column":23},"end":{"line":41,"column":25}}],"line":41},"1":{"loc":{"start":{"line":48,"column":2},"end":{"line":49,"column":null}},"type":"if","locations":[{"start":{"line":48,"column":2},"end":{"line":49,"column":null}},{"start":{},"end":{}}],"line":48},"2":{"loc":{"start":{"line":54,"column":4},"end":{"line":55,"column":null}},"type":"if","locations":[{"start":{"line":54,"column":4},"end":{"line":55,"column":null}},{"start":{},"end":{}}],"line":54},"3":{"loc":{"start":{"line":54,"column":8},"end":{"line":54,"column":77}},"type":"binary-expr","locations":[{"start":{"line":54,"column":8},"end":{"line":54,"column":40}},{"start":{"line":54,"column":40},"end":{"line":54,"column":77}}],"line":54},"4":{"loc":{"start":{"line":59,"column":4},"end":{"line":60,"column":null}},"type":"if","locations":[{"start":{"line":59,"column":4},"end":{"line":60,"column":null}},{"start":{},"end":{}}],"line":59},"5":{"loc":{"start":{"line":59,"column":8},"end":{"line":59,"column":60}},"type":"binary-expr","locations":[{"start":{"line":59,"column":8},"end":{"line":59,"column":34}},{"start":{"line":59,"column":34},"end":{"line":59,"column":60}}],"line":59},"6":{"loc":{"start":{"line":66,"column":19},"end":{"line":66,"column":null}},"type":"cond-expr","locations":[{"start":{"line":66,"column":53},"end":{"line":66,"column":67}},{"start":{"line":66,"column":67},"end":{"line":66,"column":null}}],"line":66},"7":{"loc":{"start":{"line":67,"column":18},"end":{"line":67,"column":null}},"type":"cond-expr","locations":[{"start":{"line":67,"column":51},"end":{"line":67,"column":64}},{"start":{"line":67,"column":64},"end":{"line":67,"column":null}}],"line":67},"8":{"loc":{"start":{"line":70,"column":4},"end":{"line":71,"column":null}},"type":"if","locations":[{"start":{"line":70,"column":4},"end":{"line":71,"column":null}},{"start":{},"end":{}}],"line":70},"9":{"loc":{"start":{"line":70,"column":8},"end":{"line":70,"column":65}},"type":"binary-expr","locations":[{"start":{"line":70,"column":8},"end":{"line":70,"column":39}},{"start":{"line":70,"column":39},"end":{"line":70,"column":65}}],"line":70},"10":{"loc":{"start":{"line":75,"column":21},"end":{"line":76,"column":49}},"type":"binary-expr","locations":[{"start":{"line":75,"column":21},"end":{"line":75,"column":null}},{"start":{"line":76,"column":6},"end":{"line":76,"column":49}}],"line":75},"11":{"loc":{"start":{"line":78,"column":21},"end":{"line":78,"column":null}},"type":"binary-expr","locations":[{"start":{"line":78,"column":21},"end":{"line":78,"column":36}},{"start":{"line":78,"column":36},"end":{"line":78,"column":null}}],"line":78},"12":{"loc":{"start":{"line":79,"column":4},"end":{"line":90,"column":null}},"type":"if","locations":[{"start":{"line":79,"column":4},"end":{"line":90,"column":null}},{"start":{},"end":{}}],"line":79},"13":{"loc":{"start":{"line":80,"column":6},"end":{"line":80,"column":null}},"type":"if","locations":[{"start":{"line":80,"column":6},"end":{"line":80,"column":null}},{"start":{},"end":{}}],"line":80},"14":{"loc":{"start":{"line":80,"column":10},"end":{"line":80,"column":35}},"type":"binary-expr","locations":[{"start":{"line":80,"column":10},"end":{"line":80,"column":25}},{"start":{"line":80,"column":25},"end":{"line":80,"column":35}}],"line":80},"15":{"loc":{"start":{"line":81,"column":6},"end":{"line":81,"column":null}},"type":"if","locations":[{"start":{"line":81,"column":6},"end":{"line":81,"column":null}},{"start":{},"end":{}}],"line":81},"16":{"loc":{"start":{"line":81,"column":10},"end":{"line":81,"column":38}},"type":"binary-expr","locations":[{"start":{"line":81,"column":10},"end":{"line":81,"column":27}},{"start":{"line":81,"column":27},"end":{"line":81,"column":38}}],"line":81},"17":{"loc":{"start":{"line":84,"column":6},"end":{"line":90,"column":null}},"type":"if","locations":[{"start":{"line":84,"column":6},"end":{"line":90,"column":null}},{"start":{},"end":{}}],"line":84},"18":{"loc":{"start":{"line":85,"column":8},"end":{"line":88,"column":null}},"type":"binary-expr","locations":[{"start":{"line":85,"column":8},"end":{"line":85,"column":null}},{"start":{"line":86,"column":8},"end":{"line":86,"column":null}},{"start":{"line":87,"column":8},"end":{"line":87,"column":null}},{"start":{"line":88,"column":8},"end":{"line":88,"column":null}}],"line":85},"19":{"loc":{"start":{"line":121,"column":19},"end":{"line":121,"column":null}},"type":"cond-expr","locations":[{"start":{"line":121,"column":53},"end":{"line":121,"column":67}},{"start":{"line":121,"column":67},"end":{"line":121,"column":null}}],"line":121},"20":{"loc":{"start":{"line":122,"column":21},"end":{"line":123,"column":49}},"type":"binary-expr","locations":[{"start":{"line":122,"column":21},"end":{"line":122,"column":null}},{"start":{"line":123,"column":6},"end":{"line":123,"column":49}}],"line":122},"21":{"loc":{"start":{"line":125,"column":18},"end":{"line":125,"column":null}},"type":"binary-expr","locations":[{"start":{"line":125,"column":18},"end":{"line":125,"column":46}},{"start":{"line":125,"column":50},"end":{"line":125,"column":null}}],"line":125},"22":{"loc":{"start":{"line":126,"column":4},"end":{"line":129,"column":null}},"type":"if","locations":[{"start":{"line":126,"column":4},"end":{"line":129,"column":null}},{"start":{"line":128,"column":11},"end":{"line":129,"column":null}}],"line":126},"23":{"loc":{"start":{"line":160,"column":4},"end":{"line":163,"column":null}},"type":"if","locations":[{"start":{"line":160,"column":4},"end":{"line":163,"column":null}},{"start":{},"end":{}}],"line":160},"24":{"loc":{"start":{"line":161,"column":23},"end":{"line":161,"column":51}},"type":"binary-expr","locations":[{"start":{"line":161,"column":23},"end":{"line":161,"column":45}},{"start":{"line":161,"column":49},"end":{"line":161,"column":51}}],"line":161},"25":{"loc":{"start":{"line":169,"column":16},"end":{"line":169,"column":46}},"type":"binary-expr","locations":[{"start":{"line":169,"column":16},"end":{"line":169,"column":40}},{"start":{"line":169,"column":44},"end":{"line":169,"column":46}}],"line":169},"26":{"loc":{"start":{"line":172,"column":4},"end":{"line":172,"column":null}},"type":"if","locations":[{"start":{"line":172,"column":4},"end":{"line":172,"column":null}},{"start":{},"end":{}}],"line":172},"27":{"loc":{"start":{"line":174,"column":21},"end":{"line":174,"column":45}},"type":"binary-expr","locations":[{"start":{"line":174,"column":21},"end":{"line":174,"column":39}},{"start":{"line":174,"column":43},"end":{"line":174,"column":45}}],"line":174}},"s":{"0":9,"1":9,"2":9,"3":9,"4":3,"5":9,"6":36,"7":2,"8":34,"9":7,"10":27,"11":27,"12":27,"13":36,"14":36,"15":3,"16":24,"17":36,"18":36,"19":9,"20":0,"21":9,"22":3,"23":6,"24":1,"25":20,"26":9,"27":1,"28":1,"29":1,"30":4,"31":4,"32":4,"33":4,"34":4,"35":4,"36":1,"37":3,"38":4,"39":1,"40":3,"41":3,"42":3,"43":12,"44":12,"45":12,"46":12,"47":9,"48":9,"49":9,"50":3,"51":3,"52":3,"53":5,"54":5,"55":0,"56":5,"57":5,"58":5,"59":3},"f":{"0":9,"1":1,"2":3,"3":3},"b":{"0":[9],"1":[3,6],"2":[2,34],"3":[36,4],"4":[7,27],"5":[34,12],"6":[27,0],"7":[27,0],"8":[3,33],"9":[36,4],"10":[24,24],"11":[36,15],"12":[9,27],"13":[0,9],"14":[9,0],"15":[3,6],"16":[9,4],"17":[1,5],"18":[6,5,5,4],"19":[4,0],"20":[4,4],"21":[4,3],"22":[1,3],"23":[9,3],"24":[9,6],"25":[3,1],"26":[0,5],"27":[5,4]},"meta":{"lastBranch":28,"lastFunction":4,"lastStatement":60,"seen":{"f:39:16:39:Infinity":0,"b:41:23:41:25":0,"s:43:8:43:46":0,"s:44:31:44:33":1,"s:47:42:47:Infinity":2,"b:48:2:49:Infinity:undefined:undefined:undefined:undefined":1,"s:48:2:49:Infinity":3,"s:49:4:49:Infinity":4,"s:52:2:102:Infinity":5,"b:54:4:55:Infinity:undefined:undefined:undefined:undefined":2,"s:54:4:55:Infinity":6,"b:54:8:54:40:54:40:54:77":3,"s:55:6:55:Infinity":7,"b:59:4:60:Infinity:undefined:undefined:undefined:undefined":4,"s:59:4:60:Infinity":8,"b:59:8:59:34:59:34:59:60":5,"s:60:6:60:Infinity":9,"s:64:10:64:51":10,"s:65:12:65:46":11,"s:66:19:66:Infinity":12,"b:66:53:66:67:66:67:66:Infinity":6,"s:67:18:67:Infinity":13,"b:67:51:67:64:67:64:67:Infinity":7,"b:70:4:71:Infinity:undefined:undefined:undefined:undefined":8,"s:70:4:71:Infinity":14,"b:70:8:70:39:70:39:70:65":9,"s:71:6:71:Infinity":15,"s:75:21:76:49":16,"b:75:21:75:Infinity:76:6:76:49":10,"s:78:21:78:Infinity":17,"b:78:21:78:36:78:36:78:Infinity":11,"b:79:4:90:Infinity:undefined:undefined:undefined:undefined":12,"s:79:4:90:Infinity":18,"b:80:6:80:Infinity:undefined:undefined:undefined:undefined":13,"s:80:6:80:Infinity":19,"b:80:10:80:25:80:25:80:35":14,"s:80:35:80:Infinity":20,"b:81:6:81:Infinity:undefined:undefined:undefined:undefined":15,"s:81:6:81:Infinity":21,"b:81:10:81:27:81:27:81:38":16,"s:81:38:81:Infinity":22,"b:84:6:90:Infinity:undefined:undefined:undefined:undefined":17,"s:84:6:90:Infinity":23,"b:85:8:85:Infinity:86:8:86:Infinity:87:8:87:Infinity:88:8:88:Infinity":18,"s:90:8:90:Infinity":24,"s:94:4:102:Infinity":25,"s:105:2:105:Infinity":26,"f:112:16:112:Infinity":1,"s:115:8:115:46":27,"s:116:17:116:68":28,"s:118:2:131:Infinity":29,"s:119:10:119:51":30,"s:120:12:120:46":31,"s:121:19:121:Infinity":32,"b:121:53:121:67:121:67:121:Infinity":19,"s:122:21:123:49":33,"b:122:21:122:Infinity:123:6:123:49":20,"s:125:18:125:Infinity":34,"b:125:18:125:46:125:50:125:Infinity":21,"b:126:4:129:Infinity:128:11:129:Infinity":22,"s:126:4:129:Infinity":35,"s:127:6:127:Infinity":36,"s:129:6:129:Infinity":37,"s:131:4:131:Infinity":38,"s:134:2:138:Infinity":39,"f:134:38:134:43":2,"s:134:76:138:5":40,"f:149:9:149:Infinity":3,"s:154:21:154:48":41,"s:156:2:163:Infinity":42,"s:157:10:157:51":43,"s:158:12:158:46":44,"s:159:19:159:Infinity":45,"b:160:4:163:Infinity:undefined:undefined:undefined:undefined":23,"s:160:4:163:Infinity":46,"s:161:23:161:51":47,"b:161:23:161:45:161:49:161:51":24,"s:162:6:162:Infinity":48,"s:163:6:163:Infinity":49,"s:168:22:168:39":50,"s:169:16:169:46":51,"b:169:16:169:40:169:44:169:46":25,"s:170:2:175:Infinity":52,"s:171:15:171:28":53,"b:172:4:172:Infinity:undefined:undefined:undefined:undefined":26,"s:172:4:172:Infinity":54,"s:172:29:172:Infinity":55,"s:173:4:173:Infinity":56,"s:174:21:174:45":57,"b:174:21:174:39:174:43:174:45":27,"s:175:4:175:Infinity":58,"s:178:2:178:Infinity":59}}}
,"/home/lud/src/pm/src/core/scanner.ts": {"path":"/home/lud/src/pm/src/core/scanner.ts","statementMap":{"0":{"start":{"line":9,"column":23},"end":{"line":9,"column":null}},"1":{"start":{"line":20,"column":16},"end":{"line":20,"column":45}},"2":{"start":{"line":21,"column":2},"end":{"line":21,"column":null}},"3":{"start":{"line":21,"column":14},"end":{"line":21,"column":null}},"4":{"start":{"line":22,"column":2},"end":{"line":26,"column":null}},"5":{"start":{"line":39,"column":19},"end":{"line":39,"column":53}},"6":{"start":{"line":40,"column":2},"end":{"line":40,"column":null}},"7":{"start":{"line":67,"column":23},"end":{"line":67,"column":57}},"8":{"start":{"line":68,"column":2},"end":{"line":69,"column":null}},"9":{"start":{"line":69,"column":4},"end":{"line":69,"column":null}},"10":{"start":{"line":73,"column":19},"end":{"line":73,"column":36}},"11":{"start":{"line":74,"column":2},"end":{"line":76,"column":null}},"12":{"start":{"line":75,"column":4},"end":{"line":76,"column":null}},"13":{"start":{"line":76,"column":6},"end":{"line":76,"column":null}},"14":{"start":{"line":82,"column":2},"end":{"line":84,"column":null}},"15":{"start":{"line":83,"column":4},"end":{"line":84,"column":null}},"16":{"start":{"line":84,"column":6},"end":{"line":84,"column":null}},"17":{"start":{"line":89,"column":2},"end":{"line":90,"column":null}},"18":{"start":{"line":90,"column":4},"end":{"line":90,"column":null}},"19":{"start":{"line":99,"column":2},"end":{"line":102,"column":null}},"20":{"start":{"line":100,"column":4},"end":{"line":100,"column":null}},"21":{"start":{"line":102,"column":4},"end":{"line":102,"column":null}},"22":{"start":{"line":105,"column":2},"end":{"line":131,"column":null}},"23":{"start":{"line":106,"column":10},"end":{"line":106,"column":37}},"24":{"start":{"line":109,"column":4},"end":{"line":120,"column":null}},"25":{"start":{"line":110,"column":21},"end":{"line":110,"column":49}},"26":{"start":{"line":111,"column":6},"end":{"line":120,"column":null}},"27":{"start":{"line":112,"column":24},"end":{"line":112,"column":52}},"28":{"start":{"line":113,"column":8},"end":{"line":120,"column":null}},"29":{"start":{"line":114,"column":10},"end":{"line":120,"column":null}},"30":{"start":{"line":126,"column":4},"end":{"line":131,"column":null}},"31":{"start":{"line":127,"column":12},"end":{"line":127,"column":37}},"32":{"start":{"line":128,"column":6},"end":{"line":129,"column":null}},"33":{"start":{"line":129,"column":8},"end":{"line":129,"column":null}},"34":{"start":{"line":148,"column":2},"end":{"line":149,"column":null}},"35":{"start":{"line":149,"column":4},"end":{"line":149,"column":null}},"36":{"start":{"line":149,"column":23},"end":{"line":149,"column":null}},"37":{"start":{"line":151,"column":2},"end":{"line":151,"column":null}},"38":{"start":{"line":161,"column":2},"end":{"line":161,"column":null}},"39":{"start":{"line":168,"column":14},"end":{"line":168,"column":null}},"40":{"start":{"line":169,"column":2},"end":{"line":170,"column":null}},"41":{"start":{"line":170,"column":4},"end":{"line":170,"column":null}},"42":{"start":{"line":170,"column":24},"end":{"line":170,"column":null}},"43":{"start":{"line":172,"column":2},"end":{"line":172,"column":null}},"44":{"start":{"line":180,"column":2},"end":{"line":180,"column":null}},"45":{"start":{"line":180,"column":26},"end":{"line":180,"column":null}},"46":{"start":{"line":181,"column":13},"end":{"line":181,"column":30}},"47":{"start":{"line":182,"column":2},"end":{"line":182,"column":null}},"48":{"start":{"line":182,"column":15},"end":{"line":182,"column":null}},"49":{"start":{"line":183,"column":2},"end":{"line":183,"column":null}}},"fnMap":{"0":{"name":"parseDocumentFilename","decl":{"start":{"line":17,"column":16},"end":{"line":17,"column":null}},"loc":{"start":{"line":19,"column":25},"end":{"line":26,"column":null}},"line":19},"1":{"name":"formatDocumentFilename","decl":{"start":{"line":33,"column":16},"end":{"line":33,"column":null}},"loc":{"start":{"line":38,"column":10},"end":{"line":40,"column":null}},"line":38},"2":{"name":"scanDocuments","decl":{"start":{"line":63,"column":17},"end":{"line":63,"column":null}},"loc":{"start":{"line":65,"column":30},"end":{"line":90,"column":null}},"line":65},"3":{"name":"scanDirectory","decl":{"start":{"line":94,"column":10},"end":{"line":94,"column":null}},"loc":{"start":{"line":97,"column":30},"end":{"line":131,"column":null}},"line":97},"4":{"name":"findDocumentById","decl":{"start":{"line":144,"column":16},"end":{"line":144,"column":null}},"loc":{"start":{"line":147,"column":26},"end":{"line":151,"column":null}},"line":147},"5":{"name":"collectAllDocuments","decl":{"start":{"line":158,"column":16},"end":{"line":158,"column":null}},"loc":{"start":{"line":160,"column":21},"end":{"line":161,"column":null}},"line":160},"6":{"name":"getNextId","decl":{"start":{"line":167,"column":16},"end":{"line":167,"column":26}},"loc":{"start":{"line":167,"column":60},"end":{"line":172,"column":null}},"line":167},"7":{"name":"parseDocumentRef","decl":{"start":{"line":179,"column":16},"end":{"line":179,"column":33}},"loc":{"start":{"line":179,"column":61},"end":{"line":183,"column":null}},"line":179}},"branchMap":{"0":{"loc":{"start":{"line":21,"column":2},"end":{"line":21,"column":null}},"type":"if","locations":[{"start":{"line":21,"column":2},"end":{"line":21,"column":null}},{"start":{},"end":{}}],"line":21},"1":{"loc":{"start":{"line":37,"column":2},"end":{"line":37,"column":null}},"type":"default-arg","locations":[{"start":{"line":37,"column":13},"end":{"line":37,"column":null}}],"line":37},"2":{"loc":{"start":{"line":75,"column":4},"end":{"line":76,"column":null}},"type":"if","locations":[{"start":{"line":75,"column":4},"end":{"line":76,"column":null}},{"start":{},"end":{}}],"line":75},"3":{"loc":{"start":{"line":83,"column":4},"end":{"line":84,"column":null}},"type":"if","locations":[{"start":{"line":83,"column":4},"end":{"line":84,"column":null}},{"start":{},"end":{}}],"line":83},"4":{"loc":{"start":{"line":109,"column":4},"end":{"line":120,"column":null}},"type":"if","locations":[{"start":{"line":109,"column":4},"end":{"line":120,"column":null}},{"start":{},"end":{}}],"line":109},"5":{"loc":{"start":{"line":111,"column":6},"end":{"line":120,"column":null}},"type":"if","locations":[{"start":{"line":111,"column":6},"end":{"line":120,"column":null}},{"start":{},"end":{}}],"line":111},"6":{"loc":{"start":{"line":113,"column":8},"end":{"line":120,"column":null}},"type":"if","locations":[{"start":{"line":113,"column":8},"end":{"line":120,"column":null}},{"start":{},"end":{}}],"line":113},"7":{"loc":{"start":{"line":128,"column":6},"end":{"line":129,"column":null}},"type":"if","locations":[{"start":{"line":128,"column":6},"end":{"line":129,"column":null}},{"start":{},"end":{}}],"line":128},"8":{"loc":{"start":{"line":149,"column":4},"end":{"line":149,"column":null}},"type":"if","locations":[{"start":{"line":149,"column":4},"end":{"line":149,"column":null}},{"start":{},"end":{}}],"line":149},"9":{"loc":{"start":{"line":170,"column":4},"end":{"line":170,"column":null}},"type":"if","locations":[{"start":{"line":170,"column":4},"end":{"line":170,"column":null}},{"start":{},"end":{}}],"line":170},"10":{"loc":{"start":{"line":180,"column":2},"end":{"line":180,"column":null}},"type":"if","locations":[{"start":{"line":180,"column":2},"end":{"line":180,"column":null}},{"start":{},"end":{}}],"line":180},"11":{"loc":{"start":{"line":182,"column":2},"end":{"line":182,"column":null}},"type":"if","locations":[{"start":{"line":182,"column":2},"end":{"line":182,"column":null}},{"start":{},"end":{}}],"line":182}},"s":{"0":3,"1":184,"2":184,"3":6,"4":178,"5":8,"6":8,"7":64,"8":64,"9":192,"10":64,"11":64,"12":192,"13":64,"14":64,"15":192,"16":64,"17":64,"18":64,"19":127,"20":127,"21":1,"22":126,"23":238,"24":238,"25":175,"26":175,"27":175,"28":175,"29":175,"30":203,"31":203,"32":203,"33":63,"34":41,"35":87,"36":35,"37":6,"38":16,"39":7,"40":7,"41":24,"42":24,"43":7,"44":8,"45":3,"46":5,"47":5,"48":2,"49":3},"f":{"0":184,"1":8,"2":64,"3":127,"4":41,"5":16,"6":7,"7":8},"b":{"0":[6,178],"1":[8],"2":[64,128],"3":[64,128],"4":[175,63],"5":[175,0],"6":[175,0],"7":[63,140],"8":[35,52],"9":[24,0],"10":[3,5],"11":[2,3]},"meta":{"lastBranch":12,"lastFunction":8,"lastStatement":50,"seen":{"s:9:23:9:Infinity":0,"f:17:16:17:Infinity":0,"s:20:16:20:45":1,"b:21:2:21:Infinity:undefined:undefined:undefined:undefined":0,"s:21:2:21:Infinity":2,"s:21:14:21:Infinity":3,"s:22:2:26:Infinity":4,"f:33:16:33:Infinity":1,"b:37:13:37:Infinity":1,"s:39:19:39:53":5,"s:40:2:40:Infinity":6,"f:63:17:63:Infinity":2,"s:67:23:67:57":7,"s:68:2:69:Infinity":8,"s:69:4:69:Infinity":9,"s:73:19:73:36":10,"s:74:2:76:Infinity":11,"b:75:4:76:Infinity:undefined:undefined:undefined:undefined":2,"s:75:4:76:Infinity":12,"s:76:6:76:Infinity":13,"s:82:2:84:Infinity":14,"b:83:4:84:Infinity:undefined:undefined:undefined:undefined":3,"s:83:4:84:Infinity":15,"s:84:6:84:Infinity":16,"s:89:2:90:Infinity":17,"s:90:4:90:Infinity":18,"f:94:10:94:Infinity":3,"s:99:2:102:Infinity":19,"s:100:4:100:Infinity":20,"s:102:4:102:Infinity":21,"s:105:2:131:Infinity":22,"s:106:10:106:37":23,"b:109:4:120:Infinity:undefined:undefined:undefined:undefined":4,"s:109:4:120:Infinity":24,"s:110:21:110:49":25,"b:111:6:120:Infinity:undefined:undefined:undefined:undefined":5,"s:111:6:120:Infinity":26,"s:112:24:112:52":27,"b:113:8:120:Infinity:undefined:undefined:undefined:undefined":6,"s:113:8:120:Infinity":28,"s:114:10:120:Infinity":29,"s:126:4:131:Infinity":30,"s:127:12:127:37":31,"b:128:6:129:Infinity:undefined:undefined:undefined:undefined":7,"s:128:6:129:Infinity":32,"s:129:8:129:Infinity":33,"f:144:16:144:Infinity":4,"s:148:2:149:Infinity":34,"b:149:4:149:Infinity:undefined:undefined:undefined:undefined":8,"s:149:4:149:Infinity":35,"s:149:23:149:Infinity":36,"s:151:2:151:Infinity":37,"f:158:16:158:Infinity":5,"s:161:2:161:Infinity":38,"f:167:16:167:26":6,"s:168:14:168:Infinity":39,"s:169:2:170:Infinity":40,"b:170:4:170:Infinity:undefined:undefined:undefined:undefined":9,"s:170:4:170:Infinity":41,"s:170:24:170:Infinity":42,"s:172:2:172:Infinity":43,"f:179:16:179:33":7,"b:180:2:180:Infinity:undefined:undefined:undefined:undefined":10,"s:180:2:180:Infinity":44,"s:180:26:180:Infinity":45,"s:181:13:181:30":46,"b:182:2:182:Infinity:undefined:undefined:undefined:undefined":11,"s:182:2:182:Infinity":47,"s:182:15:182:Infinity":48,"s:183:2:183:Infinity":49}}}
,"/home/lud/src/pm/src/lib/cli.ts": {"path":"/home/lud/src/pm/src/lib/cli.ts","statementMap":{"0":{"start":{"line":4,"column":2},"end":{"line":4,"column":null}},"1":{"start":{"line":8,"column":2},"end":{"line":8,"column":null}},"2":{"start":{"line":12,"column":2},"end":{"line":12,"column":null}},"3":{"start":{"line":16,"column":2},"end":{"line":16,"column":null}},"4":{"start":{"line":20,"column":15},"end":{"line":20,"column":null}},"5":{"start":{"line":21,"column":2},"end":{"line":21,"column":null}},"6":{"start":{"line":25,"column":2},"end":{"line":25,"column":null}},"7":{"start":{"line":29,"column":2},"end":{"line":29,"column":null}},"8":{"start":{"line":33,"column":2},"end":{"line":33,"column":null}},"9":{"start":{"line":37,"column":2},"end":{"line":37,"column":null}},"10":{"start":{"line":38,"column":2},"end":{"line":38,"column":null}}},"fnMap":{"0":{"name":"write","decl":{"start":{"line":3,"column":16},"end":{"line":3,"column":22}},"loc":{"start":{"line":3,"column":42},"end":{"line":4,"column":null}},"line":3},"1":{"name":"writeln","decl":{"start":{"line":7,"column":16},"end":{"line":7,"column":24}},"loc":{"start":{"line":7,"column":44},"end":{"line":8,"column":null}},"line":7},"2":{"name":"info","decl":{"start":{"line":11,"column":16},"end":{"line":11,"column":21}},"loc":{"start":{"line":11,"column":41},"end":{"line":12,"column":null}},"line":11},"3":{"name":"warning","decl":{"start":{"line":15,"column":16},"end":{"line":15,"column":24}},"loc":{"start":{"line":15,"column":44},"end":{"line":16,"column":null}},"line":15},"4":{"name":"error","decl":{"start":{"line":19,"column":16},"end":{"line":19,"column":22}},"loc":{"start":{"line":19,"column":67},"end":{"line":21,"column":null}},"line":19},"5":{"name":"debug","decl":{"start":{"line":24,"column":16},"end":{"line":24,"column":22}},"loc":{"start":{"line":24,"column":42},"end":{"line":25,"column":null}},"line":24},"6":{"name":"success","decl":{"start":{"line":28,"column":16},"end":{"line":28,"column":24}},"loc":{"start":{"line":28,"column":44},"end":{"line":29,"column":null}},"line":28},"7":{"name":"abort","decl":{"start":{"line":32,"column":16},"end":{"line":32,"column":22}},"loc":{"start":{"line":32,"column":39},"end":{"line":33,"column":null}},"line":32},"8":{"name":"abortError","decl":{"start":{"line":36,"column":16},"end":{"line":36,"column":27}},"loc":{"start":{"line":36,"column":61},"end":{"line":38,"column":null}},"line":36}},"branchMap":{"0":{"loc":{"start":{"line":20,"column":15},"end":{"line":20,"column":null}},"type":"cond-expr","locations":[{"start":{"line":20,"column":45},"end":{"line":20,"column":55}},{"start":{"line":20,"column":55},"end":{"line":20,"column":null}}],"line":20},"1":{"loc":{"start":{"line":32,"column":22},"end":{"line":32,"column":39}},"type":"default-arg","locations":[{"start":{"line":32,"column":29},"end":{"line":32,"column":39}}],"line":32},"2":{"loc":{"start":{"line":36,"column":44},"end":{"line":36,"column":61}},"type":"default-arg","locations":[{"start":{"line":36,"column":51},"end":{"line":36,"column":61}}],"line":36}},"s":{"0":1,"1":7,"2":1,"3":1,"4":2,"5":2,"6":1,"7":1,"8":0,"9":0,"10":0},"f":{"0":1,"1":7,"2":1,"3":1,"4":2,"5":1,"6":1,"7":0,"8":0},"b":{"0":[1,1],"1":[0],"2":[0]},"meta":{"lastBranch":3,"lastFunction":9,"lastStatement":11,"seen":{"f:3:16:3:22":0,"s:4:2:4:Infinity":0,"f:7:16:7:24":1,"s:8:2:8:Infinity":1,"f:11:16:11:21":2,"s:12:2:12:Infinity":2,"f:15:16:15:24":3,"s:16:2:16:Infinity":3,"f:19:16:19:22":4,"s:20:15:20:Infinity":4,"b:20:45:20:55:20:55:20:Infinity":0,"s:21:2:21:Infinity":5,"f:24:16:24:22":5,"s:25:2:25:Infinity":6,"f:28:16:28:24":6,"s:29:2:29:Infinity":7,"f:32:16:32:22":7,"b:32:29:32:39":1,"s:33:2:33:Infinity":8,"f:36:16:36:27":8,"b:36:51:36:61":2,"s:37:2:37:Infinity":9,"s:38:2:38:Infinity":10}}}
,"/home/lud/src/pm/src/lib/format.ts": {"path":"/home/lud/src/pm/src/lib/format.ts","statementMap":{"0":{"start":{"line":8,"column":2},"end":{"line":8,"column":null}},"1":{"start":{"line":8,"column":25},"end":{"line":8,"column":null}},"2":{"start":{"line":9,"column":8},"end":{"line":9,"column":33}},"3":{"start":{"line":10,"column":2},"end":{"line":10,"column":null}},"4":{"start":{"line":10,"column":47},"end":{"line":10,"column":null}},"5":{"start":{"line":11,"column":2},"end":{"line":11,"column":null}}},"fnMap":{"0":{"name":"formatPath","decl":{"start":{"line":7,"column":16},"end":{"line":7,"column":27}},"loc":{"start":{"line":7,"column":62},"end":{"line":11,"column":null}},"line":7}},"branchMap":{"0":{"loc":{"start":{"line":8,"column":2},"end":{"line":8,"column":null}},"type":"if","locations":[{"start":{"line":8,"column":2},"end":{"line":8,"column":null}},{"start":{},"end":{}}],"line":8},"1":{"loc":{"start":{"line":10,"column":2},"end":{"line":10,"column":null}},"type":"if","locations":[{"start":{"line":10,"column":2},"end":{"line":10,"column":null}},{"start":{},"end":{}}],"line":10},"2":{"loc":{"start":{"line":10,"column":6},"end":{"line":10,"column":45}},"type":"binary-expr","locations":[{"start":{"line":10,"column":6},"end":{"line":10,"column":26}},{"start":{"line":10,"column":26},"end":{"line":10,"column":45}}],"line":10},"3":{"loc":{"start":{"line":11,"column":9},"end":{"line":11,"column":null}},"type":"binary-expr","locations":[{"start":{"line":11,"column":9},"end":{"line":11,"column":16}},{"start":{"line":11,"column":16},"end":{"line":11,"column":null}}],"line":11}},"s":{"0":5,"1":1,"2":4,"3":4,"4":2,"5":2},"f":{"0":5},"b":{"0":[1,4],"1":[2,2],"2":[4,2],"3":[2,1]},"meta":{"lastBranch":4,"lastFunction":1,"lastStatement":6,"seen":{"f:7:16:7:27":0,"b:8:2:8:Infinity:undefined:undefined:undefined:undefined":0,"s:8:2:8:Infinity":0,"s:8:25:8:Infinity":1,"s:9:8:9:33":2,"b:10:2:10:Infinity:undefined:undefined:undefined:undefined":1,"s:10:2:10:Infinity":3,"b:10:6:10:26:10:26:10:45":2,"s:10:47:10:Infinity":4,"s:11:2:11:Infinity":5,"b:11:9:11:16:11:16:11:Infinity":3}}}
,"/home/lud/src/pm/src/lib/frontmatter.ts": {"path":"/home/lud/src/pm/src/lib/frontmatter.ts","statementMap":{"0":{"start":{"line":3,"column":17},"end":{"line":3,"column":null}},"1":{"start":{"line":9,"column":16},"end":{"line":9,"column":38}},"2":{"start":{"line":10,"column":2},"end":{"line":10,"column":null}},"3":{"start":{"line":10,"column":14},"end":{"line":10,"column":null}},"4":{"start":{"line":11,"column":16},"end":{"line":11,"column":70}},"5":{"start":{"line":12,"column":15},"end":{"line":12,"column":45}},"6":{"start":{"line":13,"column":2},"end":{"line":13,"column":null}},"7":{"start":{"line":17,"column":2},"end":{"line":17,"column":null}},"8":{"start":{"line":21,"column":2},"end":{"line":21,"column":null}},"9":{"start":{"line":28,"column":2},"end":{"line":28,"column":null}},"10":{"start":{"line":36,"column":25},"end":{"line":36,"column":50}},"11":{"start":{"line":37,"column":2},"end":{"line":37,"column":null}},"12":{"start":{"line":44,"column":25},"end":{"line":44,"column":50}},"13":{"start":{"line":45,"column":2},"end":{"line":45,"column":null}}},"fnMap":{"0":{"name":"parseFrontmatter","decl":{"start":{"line":5,"column":16},"end":{"line":5,"column":33}},"loc":{"start":{"line":8,"column":2},"end":{"line":13,"column":null}},"line":8},"1":{"name":"hasFrontmatter","decl":{"start":{"line":16,"column":16},"end":{"line":16,"column":31}},"loc":{"start":{"line":16,"column":57},"end":{"line":17,"column":null}},"line":16},"2":{"name":"formatFrontmatter","decl":{"start":{"line":20,"column":16},"end":{"line":20,"column":34}},"loc":{"start":{"line":20,"column":73},"end":{"line":21,"column":null}},"line":20},"3":{"name":"prependFrontmatter","decl":{"start":{"line":24,"column":16},"end":{"line":24,"column":null}},"loc":{"start":{"line":27,"column":10},"end":{"line":28,"column":null}},"line":27},"4":{"name":"setFrontmatterProperty","decl":{"start":{"line":31,"column":16},"end":{"line":31,"column":null}},"loc":{"start":{"line":35,"column":10},"end":{"line":37,"column":null}},"line":35},"5":{"name":"setFrontmatterProperties","decl":{"start":{"line":40,"column":16},"end":{"line":40,"column":null}},"loc":{"start":{"line":43,"column":10},"end":{"line":45,"column":null}},"line":43}},"branchMap":{"0":{"loc":{"start":{"line":10,"column":2},"end":{"line":10,"column":null}},"type":"if","locations":[{"start":{"line":10,"column":2},"end":{"line":10,"column":null}},{"start":{},"end":{}}],"line":10},"1":{"loc":{"start":{"line":11,"column":16},"end":{"line":11,"column":70}},"type":"binary-expr","locations":[{"start":{"line":11,"column":16},"end":{"line":11,"column":36}},{"start":{"line":11,"column":68},"end":{"line":11,"column":70}}],"line":11}},"s":{"0":3,"1":107,"2":107,"3":1,"4":106,"5":107,"6":107,"7":2,"8":16,"9":15,"10":2,"11":2,"12":7,"13":7},"f":{"0":107,"1":2,"2":16,"3":15,"4":2,"5":7},"b":{"0":[1,106],"1":[106,1]},"meta":{"lastBranch":2,"lastFunction":6,"lastStatement":14,"seen":{"s:3:17:3:Infinity":0,"f:5:16:5:33":0,"s:9:16:9:38":1,"b:10:2:10:Infinity:undefined:undefined:undefined:undefined":0,"s:10:2:10:Infinity":2,"s:10:14:10:Infinity":3,"s:11:16:11:70":4,"b:11:16:11:36:11:68:11:70":1,"s:12:15:12:45":5,"s:13:2:13:Infinity":6,"f:16:16:16:31":1,"s:17:2:17:Infinity":7,"f:20:16:20:34":2,"s:21:2:21:Infinity":8,"f:24:16:24:Infinity":3,"s:28:2:28:Infinity":9,"f:31:16:31:Infinity":4,"s:36:25:36:50":10,"s:37:2:37:Infinity":11,"f:40:16:40:Infinity":5,"s:44:25:44:50":12,"s:45:2:45:Infinity":13}}}
,"/home/lud/src/pm/src/lib/fs-helpers.ts": {"path":"/home/lud/src/pm/src/lib/fs-helpers.ts","statementMap":{"0":{"start":{"line":18,"column":16},"end":{"line":18,"column":null}},"1":{"start":{"line":19,"column":2},"end":{"line":31,"column":null}},"2":{"start":{"line":21,"column":6},"end":{"line":21,"column":null}},"3":{"start":{"line":23,"column":6},"end":{"line":23,"column":null}},"4":{"start":{"line":25,"column":6},"end":{"line":25,"column":null}},"5":{"start":{"line":27,"column":6},"end":{"line":27,"column":null}},"6":{"start":{"line":29,"column":6},"end":{"line":29,"column":null}},"7":{"start":{"line":31,"column":6},"end":{"line":31,"column":null}},"8":{"start":{"line":39,"column":2},"end":{"line":42,"column":null}},"9":{"start":{"line":40,"column":4},"end":{"line":40,"column":null}},"10":{"start":{"line":42,"column":4},"end":{"line":42,"column":null}},"11":{"start":{"line":55,"column":2},"end":{"line":58,"column":null}},"12":{"start":{"line":56,"column":4},"end":{"line":56,"column":null}},"13":{"start":{"line":58,"column":4},"end":{"line":58,"column":null}},"14":{"start":{"line":74,"column":2},"end":{"line":77,"column":null}},"15":{"start":{"line":75,"column":4},"end":{"line":75,"column":null}},"16":{"start":{"line":77,"column":4},"end":{"line":77,"column":null}},"17":{"start":{"line":86,"column":2},"end":{"line":89,"column":null}},"18":{"start":{"line":87,"column":4},"end":{"line":87,"column":null}},"19":{"start":{"line":89,"column":4},"end":{"line":89,"column":null}}},"fnMap":{"0":{"name":"formatFsError","decl":{"start":{"line":17,"column":9},"end":{"line":17,"column":23}},"loc":{"start":{"line":17,"column":78},"end":{"line":31,"column":null}},"line":17},"1":{"name":"mkdirSyncOrAbort","decl":{"start":{"line":35,"column":16},"end":{"line":35,"column":null}},"loc":{"start":{"line":38,"column":8},"end":{"line":42,"column":null}},"line":38},"2":{"name":"readdirSyncOrAbort","decl":{"start":{"line":54,"column":16},"end":{"line":54,"column":35}},"loc":{"start":{"line":54,"column":79},"end":{"line":58,"column":null}},"line":54},"3":{"name":"readFileSyncOrAbort","decl":{"start":{"line":70,"column":16},"end":{"line":70,"column":null}},"loc":{"start":{"line":73,"column":11},"end":{"line":77,"column":null}},"line":73},"4":{"name":"writeFileSyncOrAbort","decl":{"start":{"line":81,"column":16},"end":{"line":81,"column":null}},"loc":{"start":{"line":85,"column":8},"end":{"line":89,"column":null}},"line":85}},"branchMap":{"0":{"loc":{"start":{"line":19,"column":2},"end":{"line":31,"column":null}},"type":"switch","locations":[{"start":{"line":20,"column":4},"end":{"line":21,"column":null}},{"start":{"line":22,"column":4},"end":{"line":23,"column":null}},{"start":{"line":24,"column":4},"end":{"line":25,"column":null}},{"start":{"line":26,"column":4},"end":{"line":27,"column":null}},{"start":{"line":28,"column":4},"end":{"line":29,"column":null}},{"start":{"line":30,"column":4},"end":{"line":31,"column":null}}],"line":19}},"s":{"0":4,"1":4,"2":4,"3":0,"4":0,"5":0,"6":0,"7":0,"8":7,"9":7,"10":1,"11":3,"12":3,"13":1,"14":6,"15":6,"16":1,"17":13,"18":13,"19":1},"f":{"0":4,"1":7,"2":3,"3":6,"4":13},"b":{"0":[4,0,0,0,0,0]},"meta":{"lastBranch":1,"lastFunction":5,"lastStatement":20,"seen":{"f:17:9:17:23":0,"s:18:16:18:Infinity":0,"b:20:4:21:Infinity:22:4:23:Infinity:24:4:25:Infinity:26:4:27:Infinity:28:4:29:Infinity:30:4:31:Infinity":0,"s:19:2:31:Infinity":1,"s:21:6:21:Infinity":2,"s:23:6:23:Infinity":3,"s:25:6:25:Infinity":4,"s:27:6:27:Infinity":5,"s:29:6:29:Infinity":6,"s:31:6:31:Infinity":7,"f:35:16:35:Infinity":1,"s:39:2:42:Infinity":8,"s:40:4:40:Infinity":9,"s:42:4:42:Infinity":10,"f:54:16:54:35":2,"s:55:2:58:Infinity":11,"s:56:4:56:Infinity":12,"s:58:4:58:Infinity":13,"f:70:16:70:Infinity":3,"s:74:2:77:Infinity":14,"s:75:4:75:Infinity":15,"s:77:4:77:Infinity":16,"f:81:16:81:Infinity":4,"s:86:2:89:Infinity":17,"s:87:4:87:Infinity":18,"s:89:4:89:Infinity":19}}}
,"/home/lud/src/pm/src/lib/project.ts": {"path":"/home/lud/src/pm/src/lib/project.ts","statementMap":{"0":{"start":{"line":12,"column":22},"end":{"line":20,"column":2}},"1":{"start":{"line":24,"column":28},"end":{"line":27,"column":2}},"2":{"start":{"line":35,"column":72},"end":{"line":53,"column":null}},"3":{"start":{"line":79,"column":19},"end":{"line":79,"column":36}},"4":{"start":{"line":80,"column":2},"end":{"line":82,"column":null}},"5":{"start":{"line":81,"column":4},"end":{"line":82,"column":null}},"6":{"start":{"line":82,"column":6},"end":{"line":82,"column":null}},"7":{"start":{"line":87,"column":44},"end":{"line":87,"column":46}},"8":{"start":{"line":88,"column":2},"end":{"line":90,"column":null}},"9":{"start":{"line":89,"column":4},"end":{"line":90,"column":null}},"10":{"start":{"line":90,"column":6},"end":{"line":90,"column":null}},"11":{"start":{"line":95,"column":45},"end":{"line":95,"column":47}},"12":{"start":{"line":96,"column":2},"end":{"line":98,"column":null}},"13":{"start":{"line":97,"column":4},"end":{"line":98,"column":null}},"14":{"start":{"line":98,"column":6},"end":{"line":98,"column":null}},"15":{"start":{"line":103,"column":2},"end":{"line":103,"column":null}},"16":{"start":{"line":113,"column":15},"end":{"line":113,"column":32}},"17":{"start":{"line":115,"column":2},"end":{"line":135,"column":null}},"18":{"start":{"line":116,"column":4},"end":{"line":117,"column":null}},"19":{"start":{"line":117,"column":6},"end":{"line":117,"column":null}},"20":{"start":{"line":119,"column":4},"end":{"line":119,"column":null}},"21":{"start":{"line":121,"column":4},"end":{"line":124,"column":null}},"22":{"start":{"line":122,"column":6},"end":{"line":124,"column":null}},"23":{"start":{"line":127,"column":4},"end":{"line":128,"column":null}},"24":{"start":{"line":128,"column":6},"end":{"line":128,"column":null}},"25":{"start":{"line":131,"column":4},"end":{"line":132,"column":null}},"26":{"start":{"line":132,"column":6},"end":{"line":132,"column":null}},"27":{"start":{"line":134,"column":4},"end":{"line":135,"column":null}},"28":{"start":{"line":135,"column":6},"end":{"line":135,"column":null}},"29":{"start":{"line":140,"column":2},"end":{"line":148,"column":null}},"30":{"start":{"line":141,"column":20},"end":{"line":141,"column":37}},"31":{"start":{"line":142,"column":38},"end":{"line":142,"column":null}},"32":{"start":{"line":143,"column":4},"end":{"line":148,"column":null}},"33":{"start":{"line":144,"column":6},"end":{"line":145,"column":null}},"34":{"start":{"line":145,"column":8},"end":{"line":145,"column":null}},"35":{"start":{"line":147,"column":6},"end":{"line":147,"column":null}},"36":{"start":{"line":148,"column":6},"end":{"line":148,"column":null}},"37":{"start":{"line":162,"column":12},"end":{"line":162,"column":null}},"38":{"start":{"line":163,"column":33},"end":{"line":163,"column":null}},"39":{"start":{"line":164,"column":2},"end":{"line":183,"column":null}},"40":{"start":{"line":165,"column":10},"end":{"line":165,"column":43}},"41":{"start":{"line":166,"column":4},"end":{"line":172,"column":null}},"42":{"start":{"line":167,"column":6},"end":{"line":167,"column":null}},"43":{"start":{"line":168,"column":6},"end":{"line":168,"column":null}},"44":{"start":{"line":170,"column":20},"end":{"line":170,"column":null}},"45":{"start":{"line":171,"column":6},"end":{"line":172,"column":null}},"46":{"start":{"line":172,"column":8},"end":{"line":172,"column":null}},"47":{"start":{"line":177,"column":10},"end":{"line":177,"column":34}},"48":{"start":{"line":178,"column":4},"end":{"line":181,"column":null}},"49":{"start":{"line":180,"column":21},"end":{"line":180,"column":null}},"50":{"start":{"line":181,"column":6},"end":{"line":181,"column":null}},"51":{"start":{"line":183,"column":4},"end":{"line":183,"column":null}},"52":{"start":{"line":192,"column":8},"end":{"line":192,"column":55}},"53":{"start":{"line":194,"column":2},"end":{"line":197,"column":null}},"54":{"start":{"line":195,"column":4},"end":{"line":195,"column":null}},"55":{"start":{"line":197,"column":4},"end":{"line":197,"column":null}},"56":{"start":{"line":200,"column":2},"end":{"line":203,"column":null}},"57":{"start":{"line":201,"column":4},"end":{"line":201,"column":null}},"58":{"start":{"line":203,"column":4},"end":{"line":203,"column":null}},"59":{"start":{"line":215,"column":8},"end":{"line":215,"column":41}},"60":{"start":{"line":218,"column":24},"end":{"line":218,"column":48}},"61":{"start":{"line":219,"column":25},"end":{"line":219,"column":56}},"62":{"start":{"line":223,"column":2},"end":{"line":233,"column":null}},"63":{"start":{"line":224,"column":4},"end":{"line":227,"column":null}},"64":{"start":{"line":229,"column":4},"end":{"line":231,"column":null}},"65":{"start":{"line":230,"column":21},"end":{"line":230,"column":81}},"66":{"start":{"line":230,"column":43},"end":{"line":230,"column":81}},"67":{"start":{"line":231,"column":6},"end":{"line":231,"column":null}},"68":{"start":{"line":233,"column":4},"end":{"line":233,"column":null}},"69":{"start":{"line":237,"column":2},"end":{"line":237,"column":null}},"70":{"start":{"line":240,"column":52},"end":{"line":240,"column":54}},"71":{"start":{"line":241,"column":2},"end":{"line":248,"column":null}},"72":{"start":{"line":242,"column":16},"end":{"line":242,"column":null}},"73":{"start":{"line":243,"column":4},"end":{"line":248,"column":null}},"74":{"start":{"line":251,"column":2},"end":{"line":255,"column":null}},"75":{"start":{"line":263,"column":22},"end":{"line":263,"column":44}},"76":{"start":{"line":264,"column":2},"end":{"line":264,"column":null}}},"fnMap":{"0":{"name":"mergeWithDefaults","decl":{"start":{"line":75,"column":9},"end":{"line":75,"column":null}},"loc":{"start":{"line":77,"column":27},"end":{"line":103,"column":null}},"line":77},"1":{"name":"validateDoctypes","decl":{"start":{"line":110,"column":9},"end":{"line":110,"column":null}},"loc":{"start":{"line":112,"column":8},"end":{"line":148,"column":null}},"line":112},"2":{"name":"locateProjectFile","decl":{"start":{"line":161,"column":16},"end":{"line":161,"column":34}},"loc":{"start":{"line":161,"column":60},"end":{"line":183,"column":null}},"line":161},"3":{"name":"loadProjectFile","decl":{"start":{"line":191,"column":16},"end":{"line":191,"column":32}},"loc":{"start":{"line":191,"column":70},"end":{"line":203,"column":null}},"line":191},"4":{"name":"resolveProject","decl":{"start":{"line":211,"column":16},"end":{"line":211,"column":null}},"loc":{"start":{"line":214,"column":19},"end":{"line":255,"column":null}},"line":214},"5":{"name":"(anonymous_5)","decl":{"start":{"line":230,"column":32},"end":{"line":230,"column":37}},"loc":{"start":{"line":230,"column":43},"end":{"line":230,"column":81}},"line":230},"6":{"name":"loadProjectFrom","decl":{"start":{"line":262,"column":16},"end":{"line":262,"column":32}},"loc":{"start":{"line":262,"column":62},"end":{"line":264,"column":null}},"line":262}},"branchMap":{"0":{"loc":{"start":{"line":81,"column":4},"end":{"line":82,"column":null}},"type":"if","locations":[{"start":{"line":81,"column":4},"end":{"line":82,"column":null}},{"start":{},"end":{}}],"line":81},"1":{"loc":{"start":{"line":89,"column":4},"end":{"line":90,"column":null}},"type":"if","locations":[{"start":{"line":89,"column":4},"end":{"line":90,"column":null}},{"start":{},"end":{}}],"line":89},"2":{"loc":{"start":{"line":97,"column":4},"end":{"line":98,"column":null}},"type":"if","locations":[{"start":{"line":97,"column":4},"end":{"line":98,"column":null}},{"start":{},"end":{}}],"line":97},"3":{"loc":{"start":{"line":116,"column":4},"end":{"line":117,"column":null}},"type":"if","locations":[{"start":{"line":116,"column":4},"end":{"line":117,"column":null}},{"start":{},"end":{}}],"line":116},"4":{"loc":{"start":{"line":121,"column":4},"end":{"line":124,"column":null}},"type":"if","locations":[{"start":{"line":121,"column":4},"end":{"line":124,"column":null}},{"start":{},"end":{}}],"line":121},"5":{"loc":{"start":{"line":121,"column":8},"end":{"line":121,"column":61}},"type":"binary-expr","locations":[{"start":{"line":121,"column":8},"end":{"line":121,"column":35}},{"start":{"line":121,"column":35},"end":{"line":121,"column":61}}],"line":121},"6":{"loc":{"start":{"line":127,"column":4},"end":{"line":128,"column":null}},"type":"if","locations":[{"start":{"line":127,"column":4},"end":{"line":128,"column":null}},{"start":{},"end":{}}],"line":127},"7":{"loc":{"start":{"line":131,"column":4},"end":{"line":132,"column":null}},"type":"if","locations":[{"start":{"line":131,"column":4},"end":{"line":132,"column":null}},{"start":{},"end":{}}],"line":131},"8":{"loc":{"start":{"line":134,"column":4},"end":{"line":135,"column":null}},"type":"if","locations":[{"start":{"line":134,"column":4},"end":{"line":135,"column":null}},{"start":{},"end":{}}],"line":134},"9":{"loc":{"start":{"line":144,"column":6},"end":{"line":145,"column":null}},"type":"if","locations":[{"start":{"line":144,"column":6},"end":{"line":145,"column":null}},{"start":{},"end":{}}],"line":144},"10":{"loc":{"start":{"line":171,"column":6},"end":{"line":172,"column":null}},"type":"if","locations":[{"start":{"line":171,"column":6},"end":{"line":172,"column":null}},{"start":{},"end":{}}],"line":171},"11":{"loc":{"start":{"line":178,"column":4},"end":{"line":181,"column":null}},"type":"if","locations":[{"start":{"line":178,"column":4},"end":{"line":181,"column":null}},{"start":{},"end":{}}],"line":178},"12":{"loc":{"start":{"line":180,"column":21},"end":{"line":180,"column":null}},"type":"binary-expr","locations":[{"start":{"line":180,"column":21},"end":{"line":180,"column":34}},{"start":{"line":180,"column":34},"end":{"line":180,"column":null}}],"line":180},"13":{"loc":{"start":{"line":218,"column":24},"end":{"line":218,"column":48}},"type":"binary-expr","locations":[{"start":{"line":218,"column":24},"end":{"line":218,"column":46}},{"start":{"line":218,"column":46},"end":{"line":218,"column":48}}],"line":218},"14":{"loc":{"start":{"line":229,"column":4},"end":{"line":231,"column":null}},"type":"if","locations":[{"start":{"line":229,"column":4},"end":{"line":231,"column":null}},{"start":{},"end":{}}],"line":229},"15":{"loc":{"start":{"line":242,"column":16},"end":{"line":242,"column":null}},"type":"binary-expr","locations":[{"start":{"line":242,"column":16},"end":{"line":242,"column":26}},{"start":{"line":242,"column":26},"end":{"line":242,"column":null}}],"line":242}},"s":{"0":4,"1":4,"2":4,"3":63,"4":63,"5":75,"6":6,"7":63,"8":63,"9":189,"10":183,"11":63,"12":63,"13":75,"14":69,"15":63,"16":63,"17":63,"18":182,"19":1,"20":181,"21":181,"22":1,"23":180,"24":1,"25":179,"26":2,"27":177,"28":1,"29":57,"30":171,"31":171,"32":171,"33":339,"34":1,"35":338,"36":338,"37":3,"38":3,"39":3,"40":7,"41":7,"42":7,"43":7,"44":5,"45":5,"46":0,"47":5,"48":5,"49":1,"50":1,"51":4,"52":3,"53":3,"54":3,"55":1,"56":2,"57":2,"58":1,"59":63,"60":63,"61":63,"62":63,"63":63,"64":0,"65":0,"66":0,"67":0,"68":0,"69":63,"70":63,"71":63,"72":170,"73":170,"74":56,"75":0,"76":0},"f":{"0":63,"1":63,"2":3,"3":3,"4":63,"5":0,"6":0},"b":{"0":[6,69],"1":[183,6],"2":[69,6],"3":[1,181],"4":[1,180],"5":[181,116],"6":[1,179],"7":[2,177],"8":[1,176],"9":[1,338],"10":[0,5],"11":[1,4],"12":[1,1],"13":[63,0],"14":[0,0],"15":[170,0]},"meta":{"lastBranch":16,"lastFunction":7,"lastStatement":77,"seen":{"s:12:22:20:2":0,"s:24:28:27:2":1,"s:35:72:53:Infinity":2,"f:75:9:75:Infinity":0,"s:79:19:79:36":3,"s:80:2:82:Infinity":4,"b:81:4:82:Infinity:undefined:undefined:undefined:undefined":0,"s:81:4:82:Infinity":5,"s:82:6:82:Infinity":6,"s:87:44:87:46":7,"s:88:2:90:Infinity":8,"b:89:4:90:Infinity:undefined:undefined:undefined:undefined":1,"s:89:4:90:Infinity":9,"s:90:6:90:Infinity":10,"s:95:45:95:47":11,"s:96:2:98:Infinity":12,"b:97:4:98:Infinity:undefined:undefined:undefined:undefined":2,"s:97:4:98:Infinity":13,"s:98:6:98:Infinity":14,"s:103:2:103:Infinity":15,"f:110:9:110:Infinity":1,"s:113:15:113:32":16,"s:115:2:135:Infinity":17,"b:116:4:117:Infinity:undefined:undefined:undefined:undefined":3,"s:116:4:117:Infinity":18,"s:117:6:117:Infinity":19,"s:119:4:119:Infinity":20,"b:121:4:124:Infinity:undefined:undefined:undefined:undefined":4,"s:121:4:124:Infinity":21,"b:121:8:121:35:121:35:121:61":5,"s:122:6:124:Infinity":22,"b:127:4:128:Infinity:undefined:undefined:undefined:undefined":6,"s:127:4:128:Infinity":23,"s:128:6:128:Infinity":24,"b:131:4:132:Infinity:undefined:undefined:undefined:undefined":7,"s:131:4:132:Infinity":25,"s:132:6:132:Infinity":26,"b:134:4:135:Infinity:undefined:undefined:undefined:undefined":8,"s:134:4:135:Infinity":27,"s:135:6:135:Infinity":28,"s:140:2:148:Infinity":29,"s:141:20:141:37":30,"s:142:38:142:Infinity":31,"s:143:4:148:Infinity":32,"b:144:6:145:Infinity:undefined:undefined:undefined:undefined":9,"s:144:6:145:Infinity":33,"s:145:8:145:Infinity":34,"s:147:6:147:Infinity":35,"s:148:6:148:Infinity":36,"f:161:16:161:34":2,"s:162:12:162:Infinity":37,"s:163:33:163:Infinity":38,"s:164:2:183:Infinity":39,"s:165:10:165:43":40,"s:166:4:172:Infinity":41,"s:167:6:167:Infinity":42,"s:168:6:168:Infinity":43,"s:170:20:170:Infinity":44,"b:171:6:172:Infinity:undefined:undefined:undefined:undefined":10,"s:171:6:172:Infinity":45,"s:172:8:172:Infinity":46,"s:177:10:177:34":47,"b:178:4:181:Infinity:undefined:undefined:undefined:undefined":11,"s:178:4:181:Infinity":48,"s:180:21:180:Infinity":49,"b:180:21:180:34:180:34:180:Infinity":12,"s:181:6:181:Infinity":50,"s:183:4:183:Infinity":51,"f:191:16:191:32":3,"s:192:8:192:55":52,"s:194:2:197:Infinity":53,"s:195:4:195:Infinity":54,"s:197:4:197:Infinity":55,"s:200:2:203:Infinity":56,"s:201:4:201:Infinity":57,"s:203:4:203:Infinity":58,"f:211:16:211:Infinity":4,"s:215:8:215:41":59,"s:218:24:218:48":60,"b:218:24:218:46:218:46:218:48":13,"s:219:25:219:56":61,"s:223:2:233:Infinity":62,"s:224:4:227:Infinity":63,"b:229:4:231:Infinity:undefined:undefined:undefined:undefined":14,"s:229:4:231:Infinity":64,"s:230:21:230:81":65,"f:230:32:230:37":5,"s:230:43:230:81":66,"s:231:6:231:Infinity":67,"s:233:4:233:Infinity":68,"s:237:2:237:Infinity":69,"s:240:52:240:54":70,"s:241:2:248:Infinity":71,"s:242:16:242:Infinity":72,"b:242:16:242:26:242:26:242:Infinity":15,"s:243:4:248:Infinity":73,"s:251:2:255:Infinity":74,"f:262:16:262:32":6,"s:263:22:263:44":75,"s:264:2:264:Infinity":76}}}
,"/home/lud/src/pm/src/lib/test-workspace.ts": {"path":"/home/lud/src/pm/src/lib/test-workspace.ts","statementMap":{"0":{"start":{"line":14,"column":8},"end":{"line":14,"column":63}},"1":{"start":{"line":15,"column":16},"end":{"line":15,"column":null}},"2":{"start":{"line":17,"column":2},"end":{"line":19,"column":null}},"3":{"start":{"line":18,"column":4},"end":{"line":18,"column":null}},"4":{"start":{"line":21,"column":2},"end":{"line":43,"column":null}},"5":{"start":{"line":27,"column":22},"end":{"line":27,"column":null}},"6":{"start":{"line":28,"column":12},"end":{"line":28,"column":38}},"7":{"start":{"line":29,"column":6},"end":{"line":29,"column":null}},"8":{"start":{"line":30,"column":6},"end":{"line":30,"column":null}},"9":{"start":{"line":38,"column":22},"end":{"line":38,"column":null}},"10":{"start":{"line":39,"column":12},"end":{"line":39,"column":38}},"11":{"start":{"line":40,"column":6},"end":{"line":40,"column":null}},"12":{"start":{"line":41,"column":6},"end":{"line":41,"column":null}}},"fnMap":{"0":{"name":"createTestWorkspace","decl":{"start":{"line":13,"column":16},"end":{"line":13,"column":36}},"loc":{"start":{"line":13,"column":51},"end":{"line":43,"column":null}},"line":13},"1":{"name":"(anonymous_1)","decl":{"start":{"line":17,"column":2},"end":{"line":17,"column":17}},"loc":{"start":{"line":17,"column":17},"end":{"line":19,"column":null}},"line":17},"2":{"name":"(anonymous_2)","decl":{"start":{"line":26,"column":4},"end":{"line":26,"column":8}},"loc":{"start":{"line":26,"column":31},"end":{"line":30,"column":null}},"line":26},"3":{"name":"(anonymous_3)","decl":{"start":{"line":37,"column":4},"end":{"line":37,"column":16}},"loc":{"start":{"line":37,"column":55},"end":{"line":41,"column":null}},"line":37}},"branchMap":{"0":{"loc":{"start":{"line":27,"column":22},"end":{"line":27,"column":null}},"type":"binary-expr","locations":[{"start":{"line":27,"column":22},"end":{"line":27,"column":30}},{"start":{"line":27,"column":30},"end":{"line":27,"column":null}}],"line":27},"1":{"loc":{"start":{"line":38,"column":22},"end":{"line":38,"column":null}},"type":"binary-expr","locations":[{"start":{"line":38,"column":22},"end":{"line":38,"column":30}},{"start":{"line":38,"column":30},"end":{"line":38,"column":null}}],"line":38}},"s":{"0":4,"1":4,"2":4,"3":4,"4":4,"5":20,"6":20,"7":20,"8":20,"9":20,"10":20,"11":20,"12":20},"f":{"0":4,"1":4,"2":20,"3":20},"b":{"0":[20,0],"1":[20,20]},"meta":{"lastBranch":2,"lastFunction":4,"lastStatement":13,"seen":{"f:13:16:13:36":0,"s:14:8:14:63":0,"s:15:16:15:Infinity":1,"s:17:2:19:Infinity":2,"f:17:2:17:17":1,"s:18:4:18:Infinity":3,"s:21:2:43:Infinity":4,"f:26:4:26:8":2,"s:27:22:27:Infinity":5,"b:27:22:27:30:27:30:27:Infinity":0,"s:28:12:28:38":6,"s:29:6:29:Infinity":7,"s:30:6:30:Infinity":8,"f:37:4:37:16":3,"s:38:22:38:Infinity":9,"b:38:22:38:30:38:30:38:Infinity":1,"s:39:12:39:38":10,"s:40:6:40:Infinity":11,"s:41:6:41:Infinity":12}}}
}
